[INFO  - 2015-10-23T04:54:41.479Z] GhostDriver - Main - running on port 48655
[INFO  - 2015-10-23T04:54:41.902Z] Session [2c134150-7942-11e5-b2f0-991d4f48bfc3] - page.settings - {"XSSAuditingEnabled":false,"javascriptCanCloseWindows":true,"javascriptCanOpenWindows":true,"javascriptEnabled":true,"loadImages":true,"localToRemoteUrlAccessEnabled":false,"userAgent":"Mozilla/5.0 (Windows NT 6.1; WOW64) AppleWebKit/538.1 (KHTML, like Gecko) PhantomJS/2.0.0 Safari/538.1","webSecurityEnabled":true}
[INFO  - 2015-10-23T04:54:41.902Z] Session [2c134150-7942-11e5-b2f0-991d4f48bfc3] - page.customHeaders:  - {}
[INFO  - 2015-10-23T04:54:41.903Z] Session [2c134150-7942-11e5-b2f0-991d4f48bfc3] - Session.negotiatedCapabilities - {"browserName":"phantomjs","version":"2.0.0","driverName":"ghostdriver","driverVersion":"1.2.0","platform":"windows-7-32bit","javascriptEnabled":true,"takesScreenshot":true,"handlesAlerts":false,"databaseEnabled":false,"locationContextEnabled":false,"applicationCacheEnabled":false,"browserConnectionEnabled":false,"cssSelectorsEnabled":true,"webStorageEnabled":false,"rotatable":false,"acceptSslCerts":false,"nativeEvents":true,"proxy":{"proxyType":"direct"}}
[INFO  - 2015-10-23T04:54:41.903Z] SessionManagerReqHand - _postNewSessionCommand - New Session Created: 2c134150-7942-11e5-b2f0-991d4f48bfc3
[INFO  - 2015-10-23T04:59:41.712Z] SessionManagerReqHand - _cleanupWindowlessSessions - Asynchronous Sessions clean-up phase starting NOW
[INFO  - 2015-10-23T05:04:41.719Z] SessionManagerReqHand - _cleanupWindowlessSessions - Asynchronous Sessions clean-up phase starting NOW
[INFO  - 2015-10-23T05:09:41.721Z] SessionManagerReqHand - _cleanupWindowlessSessions - Asynchronous Sessions clean-up phase starting NOW
[INFO  - 2015-10-23T05:14:41.720Z] SessionManagerReqHand - _cleanupWindowlessSessions - Asynchronous Sessions clean-up phase starting NOW
[INFO  - 2015-10-23T05:19:41.721Z] SessionManagerReqHand - _cleanupWindowlessSessions - Asynchronous Sessions clean-up phase starting NOW
[INFO  - 2015-10-23T05:24:41.720Z] SessionManagerReqHand - _cleanupWindowlessSessions - Asynchronous Sessions clean-up phase starting NOW
[INFO  - 2015-10-23T05:29:41.721Z] SessionManagerReqHand - _cleanupWindowlessSessions - Asynchronous Sessions clean-up phase starting NOW
[INFO  - 2015-10-23T05:34:41.757Z] SessionManagerReqHand - _cleanupWindowlessSessions - Asynchronous Sessions clean-up phase starting NOW
[INFO  - 2015-10-23T05:39:41.762Z] SessionManagerReqHand - _cleanupWindowlessSessions - Asynchronous Sessions clean-up phase starting NOW
[INFO  - 2015-10-23T05:44:41.763Z] SessionManagerReqHand - _cleanupWindowlessSessions - Asynchronous Sessions clean-up phase starting NOW
[INFO  - 2015-10-23T05:49:41.763Z] SessionManagerReqHand - _cleanupWindowlessSessions - Asynchronous Sessions clean-up phase starting NOW
[INFO  - 2015-10-23T05:54:41.763Z] SessionManagerReqHand - _cleanupWindowlessSessions - Asynchronous Sessions clean-up phase starting NOW
[INFO  - 2015-10-23T05:59:41.768Z] SessionManagerReqHand - _cleanupWindowlessSessions - Asynchronous Sessions clean-up phase starting NOW
[INFO  - 2015-10-23T06:04:41.769Z] SessionManagerReqHand - _cleanupWindowlessSessions - Asynchronous Sessions clean-up phase starting NOW
[INFO  - 2015-10-23T06:09:41.769Z] SessionManagerReqHand - _cleanupWindowlessSessions - Asynchronous Sessions clean-up phase starting NOW
[INFO  - 2015-10-23T06:14:41.803Z] SessionManagerReqHand - _cleanupWindowlessSessions - Asynchronous Sessions clean-up phase starting NOW
[INFO  - 2015-10-23T06:19:41.805Z] SessionManagerReqHand - _cleanupWindowlessSessions - Asynchronous Sessions clean-up phase starting NOW
[INFO  - 2015-10-23T06:24:41.805Z] SessionManagerReqHand - _cleanupWindowlessSessions - Asynchronous Sessions clean-up phase starting NOW
[INFO  - 2015-10-23T06:29:41.808Z] SessionManagerReqHand - _cleanupWindowlessSessions - Asynchronous Sessions clean-up phase starting NOW
[INFO  - 2015-10-23T06:34:41.808Z] SessionManagerReqHand - _cleanupWindowlessSessions - Asynchronous Sessions clean-up phase starting NOW
[INFO  - 2015-10-23T06:39:41.810Z] SessionManagerReqHand - _cleanupWindowlessSessions - Asynchronous Sessions clean-up phase starting NOW
[INFO  - 2015-10-23T06:44:41.810Z] SessionManagerReqHand - _cleanupWindowlessSessions - Asynchronous Sessions clean-up phase starting NOW
[INFO  - 2015-10-23T06:49:41.815Z] SessionManagerReqHand - _cleanupWindowlessSessions - Asynchronous Sessions clean-up phase starting NOW
[INFO  - 2015-10-23T06:54:41.850Z] SessionManagerReqHand - _cleanupWindowlessSessions - Asynchronous Sessions clean-up phase starting NOW
[INFO  - 2015-10-23T06:59:41.849Z] SessionManagerReqHand - _cleanupWindowlessSessions - Asynchronous Sessions clean-up phase starting NOW
[INFO  - 2015-10-23T07:04:41.850Z] SessionManagerReqHand - _cleanupWindowlessSessions - Asynchronous Sessions clean-up phase starting NOW
[INFO  - 2015-10-23T07:09:41.851Z] SessionManagerReqHand - _cleanupWindowlessSessions - Asynchronous Sessions clean-up phase starting NOW
[INFO  - 2015-10-23T07:14:41.851Z] SessionManagerReqHand - _cleanupWindowlessSessions - Asynchronous Sessions clean-up phase starting NOW
[INFO  - 2015-10-23T07:19:41.856Z] SessionManagerReqHand - _cleanupWindowlessSessions - Asynchronous Sessions clean-up phase starting NOW
[INFO  - 2015-10-23T07:24:41.856Z] SessionManagerReqHand - _cleanupWindowlessSessions - Asynchronous Sessions clean-up phase starting NOW
[INFO  - 2015-10-23T07:29:41.856Z] SessionManagerReqHand - _cleanupWindowlessSessions - Asynchronous Sessions clean-up phase starting NOW
[INFO  - 2015-10-23T07:34:41.887Z] SessionManagerReqHand - _cleanupWindowlessSessions - Asynchronous Sessions clean-up phase starting NOW
[INFO  - 2015-10-23T07:39:41.889Z] SessionManagerReqHand - _cleanupWindowlessSessions - Asynchronous Sessions clean-up phase starting NOW
[INFO  - 2015-10-23T07:44:41.890Z] SessionManagerReqHand - _cleanupWindowlessSessions - Asynchronous Sessions clean-up phase starting NOW
[INFO  - 2015-10-23T07:49:41.890Z] SessionManagerReqHand - _cleanupWindowlessSessions - Asynchronous Sessions clean-up phase starting NOW
[INFO  - 2015-10-23T07:54:41.891Z] SessionManagerReqHand - _cleanupWindowlessSessions - Asynchronous Sessions clean-up phase starting NOW
[INFO  - 2015-10-23T07:59:41.892Z] SessionManagerReqHand - _cleanupWindowlessSessions - Asynchronous Sessions clean-up phase starting NOW
[INFO  - 2015-10-23T08:04:41.895Z] SessionManagerReqHand - _cleanupWindowlessSessions - Asynchronous Sessions clean-up phase starting NOW
[INFO  - 2015-10-23T08:09:41.928Z] SessionManagerReqHand - _cleanupWindowlessSessions - Asynchronous Sessions clean-up phase starting NOW
[INFO  - 2015-10-23T08:14:41.933Z] SessionManagerReqHand - _cleanupWindowlessSessions - Asynchronous Sessions clean-up phase starting NOW
[INFO  - 2015-10-23T08:19:41.936Z] SessionManagerReqHand - _cleanupWindowlessSessions - Asynchronous Sessions clean-up phase starting NOW
[INFO  - 2015-10-23T08:24:41.935Z] SessionManagerReqHand - _cleanupWindowlessSessions - Asynchronous Sessions clean-up phase starting NOW
[INFO  - 2015-10-23T08:29:41.935Z] SessionManagerReqHand - _cleanupWindowlessSessions - Asynchronous Sessions clean-up phase starting NOW
[INFO  - 2015-10-23T08:34:41.938Z] SessionManagerReqHand - _cleanupWindowlessSessions - Asynchronous Sessions clean-up phase starting NOW
[INFO  - 2015-10-23T08:39:41.938Z] SessionManagerReqHand - _cleanupWindowlessSessions - Asynchronous Sessions clean-up phase starting NOW
[INFO  - 2015-10-23T08:44:41.938Z] SessionManagerReqHand - _cleanupWindowlessSessions - Asynchronous Sessions clean-up phase starting NOW
[INFO  - 2015-10-23T08:49:41.973Z] SessionManagerReqHand - _cleanupWindowlessSessions - Asynchronous Sessions clean-up phase starting NOW
[INFO  - 2015-10-23T08:54:41.977Z] SessionManagerReqHand - _cleanupWindowlessSessions - Asynchronous Sessions clean-up phase starting NOW
[INFO  - 2015-10-23T08:59:41.977Z] SessionManagerReqHand - _cleanupWindowlessSessions - Asynchronous Sessions clean-up phase starting NOW
[INFO  - 2015-10-23T09:04:41.977Z] SessionManagerReqHand - _cleanupWindowlessSessions - Asynchronous Sessions clean-up phase starting NOW
[INFO  - 2015-10-23T09:09:41.977Z] SessionManagerReqHand - _cleanupWindowlessSessions - Asynchronous Sessions clean-up phase starting NOW
[INFO  - 2015-10-23T09:14:41.979Z] SessionManagerReqHand - _cleanupWindowlessSessions - Asynchronous Sessions clean-up phase starting NOW
[INFO  - 2015-10-23T09:19:41.981Z] SessionManagerReqHand - _cleanupWindowlessSessions - Asynchronous Sessions clean-up phase starting NOW
[INFO  - 2015-10-23T09:24:41.982Z] SessionManagerReqHand - _cleanupWindowlessSessions - Asynchronous Sessions clean-up phase starting NOW
[INFO  - 2015-10-23T09:29:42.017Z] SessionManagerReqHand - _cleanupWindowlessSessions - Asynchronous Sessions clean-up phase starting NOW
[INFO  - 2015-10-23T09:34:42.018Z] SessionManagerReqHand - _cleanupWindowlessSessions - Asynchronous Sessions clean-up phase starting NOW
[INFO  - 2015-10-23T09:39:42.018Z] SessionManagerReqHand - _cleanupWindowlessSessions - Asynchronous Sessions clean-up phase starting NOW
[INFO  - 2015-10-23T09:44:42.019Z] SessionManagerReqHand - _cleanupWindowlessSessions - Asynchronous Sessions clean-up phase starting NOW
[INFO  - 2015-10-23T09:49:42.021Z] SessionManagerReqHand - _cleanupWindowlessSessions - Asynchronous Sessions clean-up phase starting NOW
[INFO  - 2015-10-23T09:54:42.021Z] SessionManagerReqHand - _cleanupWindowlessSessions - Asynchronous Sessions clean-up phase starting NOW
[INFO  - 2015-10-23T09:59:42.022Z] SessionManagerReqHand - _cleanupWindowlessSessions - Asynchronous Sessions clean-up phase starting NOW
[INFO  - 2015-10-23T10:04:42.027Z] SessionManagerReqHand - _cleanupWindowlessSessions - Asynchronous Sessions clean-up phase starting NOW
[INFO  - 2015-10-23T10:09:42.057Z] SessionManagerReqHand - _cleanupWindowlessSessions - Asynchronous Sessions clean-up phase starting NOW
[INFO  - 2015-10-23T10:14:42.058Z] SessionManagerReqHand - _cleanupWindowlessSessions - Asynchronous Sessions clean-up phase starting NOW
[INFO  - 2015-10-23T10:19:42.058Z] SessionManagerReqHand - _cleanupWindowlessSessions - Asynchronous Sessions clean-up phase starting NOW
[INFO  - 2015-10-23T10:24:42.059Z] SessionManagerReqHand - _cleanupWindowlessSessions - Asynchronous Sessions clean-up phase starting NOW
[INFO  - 2015-10-23T10:29:42.067Z] SessionManagerReqHand - _cleanupWindowlessSessions - Asynchronous Sessions clean-up phase starting NOW
[INFO  - 2015-10-23T10:34:42.067Z] SessionManagerReqHand - _cleanupWindowlessSessions - Asynchronous Sessions clean-up phase starting NOW
[INFO  - 2015-10-23T10:39:42.068Z] SessionManagerReqHand - _cleanupWindowlessSessions - Asynchronous Sessions clean-up phase starting NOW
[INFO  - 2015-10-23T10:44:42.101Z] SessionManagerReqHand - _cleanupWindowlessSessions - Asynchronous Sessions clean-up phase starting NOW
[INFO  - 2015-10-23T10:49:42.101Z] SessionManagerReqHand - _cleanupWindowlessSessions - Asynchronous Sessions clean-up phase starting NOW
[INFO  - 2015-10-23T10:54:42.103Z] SessionManagerReqHand - _cleanupWindowlessSessions - Asynchronous Sessions clean-up phase starting NOW
[INFO  - 2015-10-23T10:59:42.103Z] SessionManagerReqHand - _cleanupWindowlessSessions - Asynchronous Sessions clean-up phase starting NOW
[INFO  - 2015-10-23T11:04:42.105Z] SessionManagerReqHand - _cleanupWindowlessSessions - Asynchronous Sessions clean-up phase starting NOW
[INFO  - 2015-10-23T11:09:42.105Z] SessionManagerReqHand - _cleanupWindowlessSessions - Asynchronous Sessions clean-up phase starting NOW
[INFO  - 2015-10-23T11:14:42.108Z] SessionManagerReqHand - _cleanupWindowlessSessions - Asynchronous Sessions clean-up phase starting NOW
ns - Asynchronous Sessions clean-up phase starting NOW
[INFO  - 2015-10-23T09:43:21.184Z] SessionManagerReqHand - _cleanupWindowlessSessions - Asynchronous Sessions clean-up phase starting NOW
[INFO  - 2015-10-23T09:48:21.218Z] SessionManagerReqHand - _cleanupWindowlessSessions - Asynchronous Sessions clean-up phase starting NOW
[INFO  - 2015-10-23T09:53:21.219Z] SessionManagerReqHand - _cleanupWindowlessSessions - Asynchronous Sessions clean-up phase starting NOW
[INFO  - 2015-10-23T09:58:21.219Z] SessionManagerReqHand - _cleanupWindowlessSessions - Asynchronous Sessions clean-up phase starting NOW
[INFO  - 2015-10-23T10:03:21.219Z] SessionManagerReqHand - _cleanupWindowlessSessions - Asynchronous Sessions clean-up phase starting NOW
[INFO  - 2015-10-23T10:08:21.220Z] SessionManagerReqHand - _cleanupWindowlessSessions - Asynchronous Sessions clean-up phase starting NOW
[INFO  - 2015-10-23T10:13:21.224Z] SessionManagerReqHand - _cleanupWindowlessSessions - Asynchronous Sessions clean-up phase starting NOW
[INFO  - 2015-10-23T10:18:21.223Z] SessionManagerReqHand - _cleanupWindowlessSessions - Asynchronous Sessions clean-up phase starting NOW
[INFO  - 2015-10-23T10:23:21.223Z] SessionManagerReqHand - _cleanupWindowlessSessions - Asynchronous Sessions clean-up phase starting NOW
[INFO  - 2015-10-23T10:28:21.258Z] SessionManagerReqHand - _cleanupWindowlessSessions - Asynchronous Sessions clean-up phase starting NOW
[INFO  - 2015-10-23T10:33:21.261Z] SessionManagerReqHand - _cleanupWindowlessSessions - Asynchronous Sessions clean-up phase starting NOW
[INFO  - 2015-10-23T10:38:21.260Z] SessionManagerReqHand - _cleanupWindowlessSessions - Asynchronous Sessions clean-up phase starting NOW
[INFO  - 2015-10-23T10:43:21.263Z] SessionManagerReqHand - _cleanupWindowlessSessions - Asynchronous Sessions clean-up phase starting NOW
[INFO  - 2015-10-23T10:48:21.264Z] SessionManagerReqHand - _cleanupWindowlessSessions - Asynchronous Sessions clean-up phase starting NOW
[INFO  - 2015-10-23T10:53:21.267Z] SessionManagerReqHand - _cleanupWindowlessSessions - Asynchronous Sessions clean-up phase starting NOW
[INFO  - 2015-10-23T10:58:21.267Z] SessionManagerReqHand - _cleanupWindowlessSessions - Asynchronous Sessions clean-up phase starting NOW
[INFO  - 2015-10-23T11:03:21.268Z] SessionManagerReqHand - _cleanupWindowlessSessions - Asynchronous Sessions clean-up phase starting NOW
[INFO  - 2015-10-23T11:08:21.302Z] SessionManagerReqHand - _cleanupWindowlessSessions - Asynchronous Sessions clean-up phase starting NOW
[INFO  - 2015-10-23T11:13:21.304Z] SessionManagerReqHand - _cleanupWindowlessSessions - Asynchronous Sessions clean-up phase starting NOW
[INFO  - 2015-10-23T11:18:21.315Z] SessionManagerReqHand - _cleanupWindowlessSessions - Asynchronous Sessions clean-up phase starting NOW
nd - _cleanupWindowlessSessions - Asynchronous Sessions clean-up phase starting NOW
[INFO  - 2015-10-23T10:38:56.742Z] SessionManagerReqHand - _cleanupWindowlessSessions - Asynchronous Sessions clean-up phase starting NOW
[INFO  - 2015-10-23T10:43:56.746Z] SessionManagerReqHand - _cleanupWindowlessSessions - Asynchronous Sessions clean-up phase starting NOW
[INFO  - 2015-10-23T10:48:56.748Z] SessionManagerReqHand - _cleanupWindowlessSessions - Asynchronous Sessions clean-up phase starting NOW
[INFO  - 2015-10-23T10:53:56.747Z] SessionManagerReqHand - _cleanupWindowlessSessions - Asynchronous Sessions clean-up phase starting NOW
[INFO  - 2015-10-23T10:58:56.784Z] SessionManagerReqHand - _cleanupWindowlessSessions - Asynchronous Sessions clean-up phase starting NOW
[INFO  - 2015-10-23T11:03:56.783Z] SessionManagerReqHand - _cleanupWindowlessSessions - Asynchronous Sessions clean-up phase starting NOW
[INFO  - 2015-10-23T11:08:56.786Z] SessionManagerReqHand - _cleanupWindowlessSessions - Asynchronous Sessions clean-up phase starting NOW
[INFO  - 2015-10-23T11:13:56.787Z] SessionManagerReqHand - _cleanupWindowlessSessions - Asynchronous Sessions clean-up phase starting NOW
d - _cleanupWindowlessSessions - Asynchronous Sessions clean-up phase starting NOW
[INFO  - 2015-10-23T10:35:26.994Z] SessionManagerReqHand - _cleanupWindowlessSessions - Asynchronous Sessions clean-up phase starting NOW
[INFO  - 2015-10-23T10:40:26.994Z] SessionManagerReqHand - _cleanupWindowlessSessions - Asynchronous Sessions clean-up phase starting NOW
[INFO  - 2015-10-23T10:45:26.999Z] SessionManagerReqHand - _cleanupWindowlessSessions - Asynchronous Sessions clean-up phase starting NOW
[INFO  - 2015-10-23T10:50:26.998Z] SessionManagerReqHand - _cleanupWindowlessSessions - Asynchronous Sessions clean-up phase starting NOW
[INFO  - 2015-10-23T10:55:26.999Z] SessionManagerReqHand - _cleanupWindowlessSessions - Asynchronous Sessions clean-up phase starting NOW
[INFO  - 2015-10-23T11:00:27.000Z] SessionManagerReqHand - _cleanupWindowlessSessions - Asynchronous Sessions clean-up phase starting NOW
[INFO  - 2015-10-23T11:05:27.036Z] SessionManagerReqHand - _cleanupWindowlessSessions - Asynchronous Sessions clean-up phase starting NOW
[INFO  - 2015-10-23T11:10:27.037Z] SessionManagerReqHand - _cleanupWindowlessSessions - Asynchronous Sessions clean-up phase starting NOW
[INFO  - 2015-10-23T11:15:27.037Z] SessionManagerReqHand - _cleanupWindowlessSessions - Asynchronous Sessions clean-up phase starting NOW
nd - _cleanupWindowlessSessions - Asynchronous Sessions clean-up phase starting NOW
[INFO  - 2015-10-23T10:36:40.101Z] SessionManagerReqHand - _cleanupWindowlessSessions - Asynchronous Sessions clean-up phase starting NOW
[INFO  - 2015-10-23T10:41:40.106Z] SessionManagerReqHand - _cleanupWindowlessSessions - Asynchronous Sessions clean-up phase starting NOW
[INFO  - 2015-10-23T10:46:40.105Z] SessionManagerReqHand - _cleanupWindowlessSessions - Asynchronous Sessions clean-up phase starting NOW
[INFO  - 2015-10-23T10:51:40.105Z] SessionManagerReqHand - _cleanupWindowlessSessions - Asynchronous Sessions clean-up phase starting NOW
[INFO  - 2015-10-23T10:56:40.105Z] SessionManagerReqHand - _cleanupWindowlessSessions - Asynchronous Sessions clean-up phase starting NOW
[INFO  - 2015-10-23T11:01:40.106Z] SessionManagerReqHand - _cleanupWindowlessSessions - Asynchronous Sessions clean-up phase starting NOW
[INFO  - 2015-10-23T11:06:40.107Z] SessionManagerReqHand - _cleanupWindowlessSessions - Asynchronous Sessions clean-up phase starting NOW
[INFO  - 2015-10-23T11:11:40.140Z] SessionManagerReqHand - _cleanupWindowlessSessions - Asynchronous Sessions clean-up phase starting NOW
[INFO  - 2015-10-23T11:16:40.150Z] SessionManagerReqHand - _cleanupWindowlessSessions - Asynchronous Sessions clean-up phase starting NOW
nd - _cleanupWindowlessSessions - Asynchronous Sessions clean-up phase starting NOW
[INFO  - 2015-10-23T10:37:09.479Z] SessionManagerReqHand - _cleanupWindowlessSessions - Asynchronous Sessions clean-up phase starting NOW
[INFO  - 2015-10-23T10:42:09.478Z] SessionManagerReqHand - _cleanupWindowlessSessions - Asynchronous Sessions clean-up phase starting NOW
[INFO  - 2015-10-23T10:47:09.484Z] SessionManagerReqHand - _cleanupWindowlessSessions - Asynchronous Sessions clean-up phase starting NOW
[INFO  - 2015-10-23T10:52:09.483Z] SessionManagerReqHand - _cleanupWindowlessSessions - Asynchronous Sessions clean-up phase starting NOW
[INFO  - 2015-10-23T10:57:09.485Z] SessionManagerReqHand - _cleanupWindowlessSessions - Asynchronous Sessions clean-up phase starting NOW
[INFO  - 2015-10-23T11:02:09.521Z] SessionManagerReqHand - _cleanupWindowlessSessions - Asynchronous Sessions clean-up phase starting NOW
[INFO  - 2015-10-23T11:07:09.534Z] SessionManagerReqHand - _cleanupWindowlessSessions - Asynchronous Sessions clean-up phase starting NOW
[INFO  - 2015-10-23T11:12:09.536Z] SessionManagerReqHand - _cleanupWindowlessSessions - Asynchronous Sessions clean-up phase starting NOW
[INFO  - 2015-10-23T11:17:09.536Z] SessionManagerReqHand - _cleanupWindowlessSessions - Asynchronous Sessions clean-up phase starting NOW
Name":"ghostdriver","driverVersion":"1.2.0","platform":"windows-7-32bit","javascriptEnabled":true,"takesScreenshot":true,"handlesAlerts":false,"databaseEnabled":false,"locationContextEnabled":false,"applicationCacheEnabled":false,"browserConnectionEnabled":false,"cssSelectorsEnabled":true,"webStorageEnabled":false,"rotatable":false,"acceptSslCerts":false,"nativeEvents":true,"proxy":{"proxyType":"direct"}}
[INFO  - 2015-10-23T09:23:31.289Z] SessionManagerReqHand - _postNewSessionCommand - New Session Created: b9f016e0-7967-11e5-88b1-d146b8f78510
[INFO  - 2015-10-23T09:23:48.630Z] ShutdownReqHand - _handle - About to shutdown
[INFO  - 2015-10-23T09:53:44.733Z] GhostDriver - Main - running on port 20259
[INFO  - 2015-10-23T09:53:45.521Z] Session [f34dc550-796b-11e5-a13a-49296e275f1b] - page.settings - {"XSSAuditingEnabled":false,"javascriptCanCloseWindows":true,"javascriptCanOpenWindows":true,"javascriptEnabled":true,"loadImages":true,"localToRemoteUrlAccessEnabled":false,"userAgent":"Mozilla/5.0 (Windows NT 6.1; WOW64) AppleWebKit/538.1 (KHTML, like Gecko) PhantomJS/2.0.0 Safari/538.1","webSecurityEnabled":true}
[INFO  - 2015-10-23T09:53:45.521Z] Session [f34dc550-796b-11e5-a13a-49296e275f1b] - page.customHeaders:  - {}
[INFO  - 2015-10-23T09:53:45.521Z] Session [f34dc550-796b-11e5-a13a-49296e275f1b] - Session.negotiatedCapabilities - {"browserName":"phantomjs","version":"2.0.0","driverName":"ghostdriver","driverVersion":"1.2.0","platform":"windows-7-32bit","javascriptEnabled":true,"takesScreenshot":true,"handlesAlerts":false,"databaseEnabled":false,"locationContextEnabled":false,"applicationCacheEnabled":false,"browserConnectionEnabled":false,"cssSelectorsEnabled":true,"webStorageEnabled":false,"rotatable":false,"acceptSslCerts":false,"nativeEvents":true,"proxy":{"proxyType":"direct"}}
[INFO  - 2015-10-23T09:53:45.521Z] SessionManagerReqHand - _postNewSessionCommand - New Session Created: f34dc550-796b-11e5-a13a-49296e275f1b
[INFO  - 2015-10-23T09:58:44.729Z] SessionManagerReqHand - _cleanupWindowlessSessions - Asynchronous Sessions clean-up phase starting NOW
[INFO  - 2015-10-23T10:03:44.730Z] SessionManagerReqHand - _cleanupWindowlessSessions - Asynchronous Sessions clean-up phase starting NOW
[INFO  - 2015-10-23T10:08:44.739Z] SessionManagerReqHand - _cleanupWindowlessSessions - Asynchronous Sessions clean-up phase starting NOW
[INFO  - 2015-10-23T10:13:44.748Z] SessionManagerReqHand - _cleanupWindowlessSessions - Asynchronous Sessions clean-up phase starting NOW
[INFO  - 2015-10-23T10:18:44.750Z] SessionManagerReqHand - _cleanupWindowlessSessions - Asynchronous Sessions clean-up phase starting NOW
[INFO  - 2015-10-23T10:23:44.753Z] SessionManagerReqHand - _cleanupWindowlessSessions - Asynchronous Sessions clean-up phase starting NOW
[INFO  - 2015-10-23T10:28:44.755Z] SessionManagerReqHand - _cleanupWindowlessSessions - Asynchronous Sessions clean-up phase starting NOW
[INFO  - 2015-10-23T10:33:44.786Z] SessionManagerReqHand - _cleanupWindowlessSessions - Asynchronous Sessions clean-up phase starting NOW
[INFO  - 2015-10-23T10:38:44.786Z] SessionManagerReqHand - _cleanupWindowlessSessions - Asynchronous Sessions clean-up phase starting NOW
[INFO  - 2015-10-23T10:43:44.791Z] SessionManagerReqHand - _cleanupWindowlessSessions - Asynchronous Sessions clean-up phase starting NOW
[INFO  - 2015-10-23T10:48:44.806Z] SessionManagerReqHand - _cleanupWindowlessSessions - Asynchronous Sessions clean-up phase starting NOW
[INFO  - 2015-10-23T10:53:44.814Z] SessionManagerReqHand - _cleanupWindowlessSessions - Asynchronous Sessions clean-up phase starting NOW
[INFO  - 2015-10-23T10:58:44.823Z] SessionManagerReqHand - _cleanupWindowlessSessions - Asynchronous Sessions clean-up phase starting NOW
[INFO  - 2015-10-23T11:03:44.825Z] SessionManagerReqHand - _cleanupWindowlessSessions - Asynchronous Sessions clean-up phase starting NOW
[INFO  - 2015-10-23T11:08:44.860Z] SessionManagerReqHand - _cleanupWindowlessSessions - Asynchronous Sessions clean-up phase starting NOW
[INFO  - 2015-10-23T11:13:44.858Z] SessionManagerReqHand - _cleanupWindowlessSessions - Asynchronous Sessions clean-up phase starting NOW
11e5-9034-e9f4566dadb2] - Session.negotiatedCapabilities - {"browserName":"phantomjs","version":"2.0.0","driverName":"ghostdriver","driverVersion":"1.2.0","platform":"windows-7-32bit","javascriptEnabled":true,"takesScreenshot":true,"handlesAlerts":false,"databaseEnabled":false,"locationContextEnabled":false,"applicationCacheEnabled":false,"browserConnectionEnabled":false,"cssSelectorsEnabled":true,"webStorageEnabled":false,"rotatable":false,"acceptSslCerts":false,"nativeEvents":true,"proxy":{"proxyType":"direct"}}
[INFO  - 2015-10-23T10:05:49.845Z] SessionManagerReqHand - _postNewSessionCommand - New Session Created: a30973d0-796d-11e5-9034-e9f4566dadb2
[ERROR - 2015-10-23T10:06:06.315Z] WebElementLocator - _handleLocateCommand - Element(s) NOT Found: GAVE UP. Search Stop Time: 1445594766260
[INFO  - 2015-10-23T10:06:09.136Z] ShutdownReqHand - _handle - About to shutdown
[INFO  - 2015-10-23T10:07:26.292Z] GhostDriver - Main - running on port 13454
[INFO  - 2015-10-23T10:07:26.987Z] Session [dcf02530-796d-11e5-b3b1-dd3c4608f2af] - page.settings - {"XSSAuditingEnabled":false,"javascriptCanCloseWindows":true,"javascriptCanOpenWindows":true,"javascriptEnabled":true,"loadImages":true,"localToRemoteUrlAccessEnabled":false,"userAgent":"Mozilla/5.0 (Windows NT 6.1; WOW64) AppleWebKit/538.1 (KHTML, like Gecko) PhantomJS/2.0.0 Safari/538.1","webSecurityEnabled":true}
[INFO  - 2015-10-23T10:07:26.987Z] Session [dcf02530-796d-11e5-b3b1-dd3c4608f2af] - page.customHeaders:  - {}
[INFO  - 2015-10-23T10:07:26.987Z] Session [dcf02530-796d-11e5-b3b1-dd3c4608f2af] - Session.negotiatedCapabilities - {"browserName":"phantomjs","version":"2.0.0","driverName":"ghostdriver","driverVersion":"1.2.0","platform":"windows-7-32bit","javascriptEnabled":true,"takesScreenshot":true,"handlesAlerts":false,"databaseEnabled":false,"locationContextEnabled":false,"applicationCacheEnabled":false,"browserConnectionEnabled":false,"cssSelectorsEnabled":true,"webStorageEnabled":false,"rotatable":false,"acceptSslCerts":false,"nativeEvents":true,"proxy":{"proxyType":"direct"}}
[INFO  - 2015-10-23T10:07:26.988Z] SessionManagerReqHand - _postNewSessionCommand - New Session Created: dcf02530-796d-11e5-b3b1-dd3c4608f2af
[ERROR - 2015-10-23T10:07:40.322Z] WebElementLocator - _handleLocateCommand - Element(s) NOT Found: GAVE UP. Search Stop Time: 1445594860321
[INFO  - 2015-10-23T10:07:43.150Z] ShutdownReqHand - _handle - About to shutdown
[INFO  - 2015-10-23T10:08:36.693Z] GhostDriver - Main - running on port 13166
[INFO  - 2015-10-23T10:08:37.801Z] Session [06ee6b80-796e-11e5-8b6c-e55a5d9fd250] - page.settings - {"XSSAuditingEnabled":false,"javascriptCanCloseWindows":true,"javascriptCanOpenWindows":true,"javascriptEnabled":true,"loadImages":true,"localToRemoteUrlAccessEnabled":false,"userAgent":"Mozilla/5.0 (Windows NT 6.1; WOW64) AppleWebKit/538.1 (KHTML, like Gecko) PhantomJS/2.0.0 Safari/538.1","webSecurityEnabled":true}
[INFO  - 2015-10-23T10:08:37.802Z] Session [06ee6b80-796e-11e5-8b6c-e55a5d9fd250] - page.customHeaders:  - {}
[INFO  - 2015-10-23T10:08:37.802Z] Session [06ee6b80-796e-11e5-8b6c-e55a5d9fd250] - Session.negotiatedCapabilities - {"browserName":"phantomjs","version":"2.0.0","driverName":"ghostdriver","driverVersion":"1.2.0","platform":"windows-7-32bit","javascriptEnabled":true,"takesScreenshot":true,"handlesAlerts":false,"databaseEnabled":false,"locationContextEnabled":false,"applicationCacheEnabled":false,"browserConnectionEnabled":false,"cssSelectorsEnabled":true,"webStorageEnabled":false,"rotatable":false,"acceptSslCerts":false,"nativeEvents":true,"proxy":{"proxyType":"direct"}}
[INFO  - 2015-10-23T10:08:37.802Z] SessionManagerReqHand - _postNewSessionCommand - New Session Created: 06ee6b80-796e-11e5-8b6c-e55a5d9fd250
[ERROR - 2015-10-23T10:08:47.495Z] WebElementLocator - _handleLocateCommand - Element(s) NOT Found: GAVE UP. Search Stop Time: 1445594927436
[INFO  - 2015-10-23T10:08:50.296Z] ShutdownReqHand - _handle - About to shutdown
[INFO  - 2015-10-23T10:12:26.024Z] GhostDriver - Main - running on port 12611
[INFO  - 2015-10-23T10:12:26.257Z] Session [8f50f880-796e-11e5-94fe-b172c4d619f1] - page.settings - {"XSSAuditingEnabled":false,"javascriptCanCloseWindows":true,"javascriptCanOpenWindows":true,"javascriptEnabled":true,"loadImages":true,"localToRemoteUrlAccessEnabled":false,"userAgent":"Mozilla/5.0 (Windows NT 6.1; WOW64) AppleWebKit/538.1 (KHTML, like Gecko) PhantomJS/2.0.0 Safari/538.1","webSecurityEnabled":true}
[INFO  - 2015-10-23T10:12:26.257Z] Session [8f50f880-796e-11e5-94fe-b172c4d619f1] - page.customHeaders:  - {}
[INFO  - 2015-10-23T10:12:26.257Z] Session [8f50f880-796e-11e5-94fe-b172c4d619f1] - Session.negotiatedCapabilities - {"browserName":"phantomjs","version":"2.0.0","driverName":"ghostdriver","driverVersion":"1.2.0","platform":"windows-7-32bit","javascriptEnabled":true,"takesScreenshot":true,"handlesAlerts":false,"databaseEnabled":false,"locationContextEnabled":false,"applicationCacheEnabled":false,"browserConnectionEnabled":false,"cssSelectorsEnabled":true,"webStorageEnabled":false,"rotatable":false,"acceptSslCerts":false,"nativeEvents":true,"proxy":{"proxyType":"direct"}}
[INFO  - 2015-10-23T10:12:26.257Z] SessionManagerReqHand - _postNewSessionCommand - New Session Created: 8f50f880-796e-11e5-94fe-b172c4d619f1
[ERROR - 2015-10-23T10:12:34.788Z] WebElementLocator - _handleLocateCommand - Element(s) NOT Found: GAVE UP. Search Stop Time: 1445595154738
[INFO  - 2015-10-23T10:12:37.599Z] ShutdownReqHand - _handle - About to shutdown
[INFO  - 2015-10-23T10:13:45.840Z] GhostDriver - Main - running on port 40192
[INFO  - 2015-10-23T10:13:46.579Z] Session [bf3149b0-796e-11e5-9260-39d1b569db91] - page.settings - {"XSSAuditingEnabled":false,"javascriptCanCloseWindows":true,"javascriptCanOpenWindows":true,"javascriptEnabled":true,"loadImages":true,"localToRemoteUrlAccessEnabled":false,"userAgent":"Mozilla/5.0 (Windows NT 6.1; WOW64) AppleWebKit/538.1 (KHTML, like Gecko) PhantomJS/2.0.0 Safari/538.1","webSecurityEnabled":true}
[INFO  - 2015-10-23T10:13:46.579Z] Session [bf3149b0-796e-11e5-9260-39d1b569db91] - page.customHeaders:  - {}
[INFO  - 2015-10-23T10:13:46.580Z] Session [bf3149b0-796e-11e5-9260-39d1b569db91] - Session.negotiatedCapabilities - {"browserName":"phantomjs","version":"2.0.0","driverName":"ghostdriver","driverVersion":"1.2.0","platform":"windows-7-32bit","javascriptEnabled":true,"takesScreenshot":true,"handlesAlerts":false,"databaseEnabled":false,"locationContextEnabled":false,"applicationCacheEnabled":false,"browserConnectionEnabled":false,"cssSelectorsEnabled":true,"webStorageEnabled":false,"rotatable":false,"acceptSslCerts":false,"nativeEvents":true,"proxy":{"proxyType":"direct"}}
[INFO  - 2015-10-23T10:13:46.580Z] SessionManagerReqHand - _postNewSessionCommand - New Session Created: bf3149b0-796e-11e5-9260-39d1b569db91
[ERROR - 2015-10-23T10:13:57.532Z] WebElementLocator - _handleLocateCommand - Element(s) NOT Found: GAVE UP. Search Stop Time: 1445595237480
[INFO  - 2015-10-23T10:14:00.428Z] ShutdownReqHand - _handle - About to shutdown
[INFO  - 2015-10-23T10:15:13.503Z] GhostDriver - Main - running on port 1641
[INFO  - 2015-10-23T10:15:14.222Z] Session [f36e6550-796e-11e5-85c4-e9bd343ccd61] - page.settings - {"XSSAuditingEnabled":false,"javascriptCanCloseWindows":true,"javascriptCanOpenWindows":true,"javascriptEnabled":true,"loadImages":true,"localToRemoteUrlAccessEnabled":false,"userAgent":"Mozilla/5.0 (Windows NT 6.1; WOW64) AppleWebKit/538.1 (KHTML, like Gecko) PhantomJS/2.0.0 Safari/538.1","webSecurityEnabled":true}
[INFO  - 2015-10-23T10:15:14.222Z] Session [f36e6550-796e-11e5-85c4-e9bd343ccd61] - page.customHeaders:  - {}
[INFO  - 2015-10-23T10:15:14.222Z] Session [f36e6550-796e-11e5-85c4-e9bd343ccd61] - Session.negotiatedCapabilities - {"browserName":"phantomjs","version":"2.0.0","driverName":"ghostdriver","driverVersion":"1.2.0","platform":"windows-7-32bit","javascriptEnabled":true,"takesScreenshot":true,"handlesAlerts":false,"databaseEnabled":false,"locationContextEnabled":false,"applicationCacheEnabled":false,"browserConnectionEnabled":false,"cssSelectorsEnabled":true,"webStorageEnabled":false,"rotatable":false,"acceptSslCerts":false,"nativeEvents":true,"proxy":{"proxyType":"direct"}}
[INFO  - 2015-10-23T10:15:14.222Z] SessionManagerReqHand - _postNewSessionCommand - New Session Created: f36e6550-796e-11e5-85c4-e9bd343ccd61
[INFO  - 2015-10-23T10:15:36.254Z] ShutdownReqHand - _handle - About to shutdown
[INFO  - 2015-10-23T10:17:47.485Z] GhostDriver - Main - running on port 48048
[INFO  - 2015-10-23T10:17:48.227Z] Session [4f39d8b0-796f-11e5-9170-ffbdbc559c08] - page.settings - {"XSSAuditingEnabled":false,"javascriptCanCloseWindows":true,"javascriptCanOpenWindows":true,"javascriptEnabled":true,"loadImages":true,"localToRemoteUrlAccessEnabled":false,"userAgent":"Mozilla/5.0 (Windows NT 6.1; WOW64) AppleWebKit/538.1 (KHTML, like Gecko) PhantomJS/2.0.0 Safari/538.1","webSecurityEnabled":true}
[INFO  - 2015-10-23T10:17:48.227Z] Session [4f39d8b0-796f-11e5-9170-ffbdbc559c08] - page.customHeaders:  - {}
[INFO  - 2015-10-23T10:17:48.228Z] Session [4f39d8b0-796f-11e5-9170-ffbdbc559c08] - Session.negotiatedCapabilities - {"browserName":"phantomjs","version":"2.0.0","driverName":"ghostdriver","driverVersion":"1.2.0","platform":"windows-7-32bit","javascriptEnabled":true,"takesScreenshot":true,"handlesAlerts":false,"databaseEnabled":false,"locationContextEnabled":false,"applicationCacheEnabled":false,"browserConnectionEnabled":false,"cssSelectorsEnabled":true,"webStorageEnabled":false,"rotatable":false,"acceptSslCerts":false,"nativeEvents":true,"proxy":{"proxyType":"direct"}}
[INFO  - 2015-10-23T10:17:48.228Z] SessionManagerReqHand - _postNewSessionCommand - New Session Created: 4f39d8b0-796f-11e5-9170-ffbdbc559c08
[INFO  - 2015-10-23T10:18:07.597Z] ShutdownReqHand - _handle - About to shutdown
[INFO  - 2015-10-23T10:22:59.110Z] GhostDriver - Main - running on port 5171
[INFO  - 2015-10-23T10:22:59.853Z] Session [08f80c40-7970-11e5-976b-cb77a2572d57] - page.settings - {"XSSAuditingEnabled":false,"javascriptCanCloseWindows":true,"javascriptCanOpenWindows":true,"javascriptEnabled":true,"loadImages":true,"localToRemoteUrlAccessEnabled":false,"userAgent":"Mozilla/5.0 (Windows NT 6.1; WOW64) AppleWebKit/538.1 (KHTML, like Gecko) PhantomJS/2.0.0 Safari/538.1","webSecurityEnabled":true}
[INFO  - 2015-10-23T10:22:59.853Z] Session [08f80c40-7970-11e5-976b-cb77a2572d57] - page.customHeaders:  - {}
[INFO  - 2015-10-23T10:22:59.853Z] Session [08f80c40-7970-11e5-976b-cb77a2572d57] - Session.negotiatedCapabilities - {"browserName":"phantomjs","version":"2.0.0","driverName":"ghostdriver","driverVersion":"1.2.0","platform":"windows-7-32bit","javascriptEnabled":true,"takesScreenshot":true,"handlesAlerts":false,"databaseEnabled":false,"locationContextEnabled":false,"applicationCacheEnabled":false,"browserConnectionEnabled":false,"cssSelectorsEnabled":true,"webStorageEnabled":false,"rotatable":false,"acceptSslCerts":false,"nativeEvents":true,"proxy":{"proxyType":"direct"}}
[INFO  - 2015-10-23T10:22:59.853Z] SessionManagerReqHand - _postNewSessionCommand - New Session Created: 08f80c40-7970-11e5-976b-cb77a2572d57
[INFO  - 2015-10-23T10:23:22.810Z] ShutdownReqHand - _handle - About to shutdown
[INFO  - 2015-10-23T10:26:32.809Z] GhostDriver - Main - running on port 12725
[INFO  - 2015-10-23T10:26:33.086Z] Session [8810d250-7970-11e5-b826-f5dd19afebe5] - page.settings - {"XSSAuditingEnabled":false,"javascriptCanCloseWindows":true,"javascriptCanOpenWindows":true,"javascriptEnabled":true,"loadImages":true,"localToRemoteUrlAccessEnabled":false,"userAgent":"Mozilla/5.0 (Windows NT 6.1; WOW64) AppleWebKit/538.1 (KHTML, like Gecko) PhantomJS/2.0.0 Safari/538.1","webSecurityEnabled":true}
[INFO  - 2015-10-23T10:26:33.086Z] Session [8810d250-7970-11e5-b826-f5dd19afebe5] - page.customHeaders:  - {}
[INFO  - 2015-10-23T10:26:33.086Z] Session [8810d250-7970-11e5-b826-f5dd19afebe5] - Session.negotiatedCapabilities - {"browserName":"phantomjs","version":"2.0.0","driverName":"ghostdriver","driverVersion":"1.2.0","platform":"windows-7-32bit","javascriptEnabled":true,"takesScreenshot":true,"handlesAlerts":false,"databaseEnabled":false,"locationContextEnabled":false,"applicationCacheEnabled":false,"browserConnectionEnabled":false,"cssSelectorsEnabled":true,"webStorageEnabled":false,"rotatable":false,"acceptSslCerts":false,"nativeEvents":true,"proxy":{"proxyType":"direct"}}
[INFO  - 2015-10-23T10:26:33.086Z] SessionManagerReqHand - _postNewSessionCommand - New Session Created: 8810d250-7970-11e5-b826-f5dd19afebe5
[INFO  - 2015-10-23T10:26:53.696Z] ShutdownReqHand - _handle - About to shutdown
[INFO  - 2015-10-23T10:56:08.817Z] GhostDriver - Main - running on port 24723
[INFO  - 2015-10-23T10:56:09.514Z] Session [aae66020-7974-11e5-af40-239799b9e123] - page.settings - {"XSSAuditingEnabled":false,"javascriptCanCloseWindows":true,"javascriptCanOpenWindows":true,"javascriptEnabled":true,"loadImages":true,"localToRemoteUrlAccessEnabled":false,"userAgent":"Mozilla/5.0 (Windows NT 6.1; WOW64) AppleWebKit/538.1 (KHTML, like Gecko) PhantomJS/2.0.0 Safari/538.1","webSecurityEnabled":true}
[INFO  - 2015-10-23T10:56:09.514Z] Session [aae66020-7974-11e5-af40-239799b9e123] - page.customHeaders:  - {}
[INFO  - 2015-10-23T10:56:09.514Z] Session [aae66020-7974-11e5-af40-239799b9e123] - Session.negotiatedCapabilities - {"browserName":"phantomjs","version":"2.0.0","driverName":"ghostdriver","driverVersion":"1.2.0","platform":"windows-7-32bit","javascriptEnabled":true,"takesScreenshot":true,"handlesAlerts":false,"databaseEnabled":false,"locationContextEnabled":false,"applicationCacheEnabled":false,"browserConnectionEnabled":false,"cssSelectorsEnabled":true,"webStorageEnabled":false,"rotatable":false,"acceptSslCerts":false,"nativeEvents":true,"proxy":{"proxyType":"direct"}}
[INFO  - 2015-10-23T10:56:09.514Z] SessionManagerReqHand - _postNewSessionCommand - New Session Created: aae66020-7974-11e5-af40-239799b9e123
[INFO  - 2015-10-23T10:56:36.359Z] ShutdownReqHand - _handle - About to shutdown
[INFO  - 2015-10-23T11:05:45.574Z] GhostDriver - Main - running on port 42973
[INFO  - 2015-10-23T11:05:46.274Z] Session [02acf7a0-7976-11e5-9877-8d9d9f5b9c78] - page.settings - {"XSSAuditingEnabled":false,"javascriptCanCloseWindows":true,"javascriptCanOpenWindows":true,"javascriptEnabled":true,"loadImages":true,"localToRemoteUrlAccessEnabled":false,"userAgent":"Mozilla/5.0 (Windows NT 6.1; WOW64) AppleWebKit/538.1 (KHTML, like Gecko) PhantomJS/2.0.0 Safari/538.1","webSecurityEnabled":true}
[INFO  - 2015-10-23T11:05:46.274Z] Session [02acf7a0-7976-11e5-9877-8d9d9f5b9c78] - page.customHeaders:  - {}
[INFO  - 2015-10-23T11:05:46.274Z] Session [02acf7a0-7976-11e5-9877-8d9d9f5b9c78] - Session.negotiatedCapabilities - {"browserName":"phantomjs","version":"2.0.0","driverName":"ghostdriver","driverVersion":"1.2.0","platform":"windows-7-32bit","javascriptEnabled":true,"takesScreenshot":true,"handlesAlerts":false,"databaseEnabled":false,"locationContextEnabled":false,"applicationCacheEnabled":false,"browserConnectionEnabled":false,"cssSelectorsEnabled":true,"webStorageEnabled":false,"rotatable":false,"acceptSslCerts":false,"nativeEvents":true,"proxy":{"proxyType":"direct"}}
[INFO  - 2015-10-23T11:05:46.275Z] SessionManagerReqHand - _postNewSessionCommand - New Session Created: 02acf7a0-7976-11e5-9877-8d9d9f5b9c78
[INFO  - 2015-10-23T11:06:10.855Z] ShutdownReqHand - _handle - About to shutdown
[INFO  - 2015-10-23T11:07:08.001Z] GhostDriver - Main - running on port 29806
[INFO  - 2015-10-23T11:07:08.721Z] Session [33d16190-7976-11e5-967b-bf142b3d67d4] - page.settings - {"XSSAuditingEnabled":false,"javascriptCanCloseWindows":true,"javascriptCanOpenWindows":true,"javascriptEnabled":true,"loadImages":true,"localToRemoteUrlAccessEnabled":false,"userAgent":"Mozilla/5.0 (Windows NT 6.1; WOW64) AppleWebKit/538.1 (KHTML, like Gecko) PhantomJS/2.0.0 Safari/538.1","webSecurityEnabled":true}
[INFO  - 2015-10-23T11:07:08.722Z] Session [33d16190-7976-11e5-967b-bf142b3d67d4] - page.customHeaders:  - {}
[INFO  - 2015-10-23T11:07:08.722Z] Session [33d16190-7976-11e5-967b-bf142b3d67d4] - Session.negotiatedCapabilities - {"browserName":"phantomjs","version":"2.0.0","driverName":"ghostdriver","driverVersion":"1.2.0","platform":"windows-7-32bit","javascriptEnabled":true,"takesScreenshot":true,"handlesAlerts":false,"databaseEnabled":false,"locationContextEnabled":false,"applicationCacheEnabled":false,"browserConnectionEnabled":false,"cssSelectorsEnabled":true,"webStorageEnabled":false,"rotatable":false,"acceptSslCerts":false,"nativeEvents":true,"proxy":{"proxyType":"direct"}}
[INFO  - 2015-10-23T11:07:08.722Z] SessionManagerReqHand - _postNewSessionCommand - New Session Created: 33d16190-7976-11e5-967b-bf142b3d67d4
[INFO  - 2015-10-23T11:07:31.020Z] ShutdownReqHand - _handle - About to shutdown
[INFO  - 2015-10-23T11:11:22.501Z] GhostDriver - Main - running on port 33669
[INFO  - 2015-10-23T11:11:23.151Z] Session [cb778e20-7976-11e5-9026-db19519d2866] - page.settings - {"XSSAuditingEnabled":false,"javascriptCanCloseWindows":true,"javascriptCanOpenWindows":true,"javascriptEnabled":true,"loadImages":true,"localToRemoteUrlAccessEnabled":false,"userAgent":"Mozilla/5.0 (Windows NT 6.1; WOW64) AppleWebKit/538.1 (KHTML, like Gecko) PhantomJS/2.0.0 Safari/538.1","webSecurityEnabled":true}
[INFO  - 2015-10-23T11:11:23.151Z] Session [cb778e20-7976-11e5-9026-db19519d2866] - page.customHeaders:  - {}
[INFO  - 2015-10-23T11:11:23.152Z] Session [cb778e20-7976-11e5-9026-db19519d2866] - Session.negotiatedCapabilities - {"browserName":"phantomjs","version":"2.0.0","driverName":"ghostdriver","driverVersion":"1.2.0","platform":"windows-7-32bit","javascriptEnabled":true,"takesScreenshot":true,"handlesAlerts":false,"databaseEnabled":false,"locationContextEnabled":false,"applicationCacheEnabled":false,"browserConnectionEnabled":false,"cssSelectorsEnabled":true,"webStorageEnabled":false,"rotatable":false,"acceptSslCerts":false,"nativeEvents":true,"proxy":{"proxyType":"direct"}}
[INFO  - 2015-10-23T11:11:23.152Z] SessionManagerReqHand - _postNewSessionCommand - New Session Created: cb778e20-7976-11e5-9026-db19519d2866
[INFO  - 2015-10-23T11:11:52.057Z] ShutdownReqHand - _handle - About to shutdown
[INFO  - 2015-10-27T09:43:16.161Z] GhostDriver - Main - running on port 10193
[INFO  - 2015-10-27T09:43:17.474Z] Session [269cdc90-7c8f-11e5-b79e-91b3090e992c] - page.settings - {"XSSAuditingEnabled":false,"javascriptCanCloseWindows":true,"javascriptCanOpenWindows":true,"javascriptEnabled":true,"loadImages":true,"localToRemoteUrlAccessEnabled":false,"userAgent":"Mozilla/5.0 (Windows NT 6.1; WOW64) AppleWebKit/538.1 (KHTML, like Gecko) PhantomJS/2.0.0 Safari/538.1","webSecurityEnabled":true}
[INFO  - 2015-10-27T09:43:17.475Z] Session [269cdc90-7c8f-11e5-b79e-91b3090e992c] - page.customHeaders:  - {}
[INFO  - 2015-10-27T09:43:17.475Z] Session [269cdc90-7c8f-11e5-b79e-91b3090e992c] - Session.negotiatedCapabilities - {"browserName":"phantomjs","version":"2.0.0","driverName":"ghostdriver","driverVersion":"1.2.0","platform":"windows-7-32bit","javascriptEnabled":true,"takesScreenshot":true,"handlesAlerts":false,"databaseEnabled":false,"locationContextEnabled":false,"applicationCacheEnabled":false,"browserConnectionEnabled":false,"cssSelectorsEnabled":true,"webStorageEnabled":false,"rotatable":false,"acceptSslCerts":false,"nativeEvents":true,"proxy":{"proxyType":"direct"}}
[INFO  - 2015-10-27T09:43:17.475Z] SessionManagerReqHand - _postNewSessionCommand - New Session Created: 269cdc90-7c8f-11e5-b79e-91b3090e992c
[INFO  - 2015-10-27T09:48:16.154Z] SessionManagerReqHand - _cleanupWindowlessSessions - Asynchronous Sessions clean-up phase starting NOW
[INFO  - 2015-10-27T09:53:16.153Z] SessionManagerReqHand - _cleanupWindowlessSessions - Asynchronous Sessions clean-up phase starting NOW
[INFO  - 2015-10-27T09:58:16.166Z] SessionManagerReqHand - _cleanupWindowlessSessions - Asynchronous Sessions clean-up phase starting NOW
[INFO  - 2015-10-27T10:03:16.181Z] SessionManagerReqHand - _cleanupWindowlessSessions - Asynchronous Sessions clean-up phase starting NOW
[INFO  - 2015-10-27T10:08:16.227Z] SessionManagerReqHand - _cleanupWindowlessSessions - Asynchronous Sessions clean-up phase starting NOW
[INFO  - 2015-10-27T10:13:16.240Z] SessionManagerReqHand - _cleanupWindowlessSessions - Asynchronous Sessions clean-up phase starting NOW
[INFO  - 2015-10-27T10:18:16.243Z] SessionManagerReqHand - _cleanupWindowlessSessions - Asynchronous Sessions clean-up phase starting NOW
[INFO  - 2015-10-27T10:23:16.256Z] SessionManagerReqHand - _cleanupWindowlessSessions - Asynchronous Sessions clean-up phase starting NOW
[INFO  - 2015-10-27T10:28:16.270Z] SessionManagerReqHand - _cleanupWindowlessSessions - Asynchronous Sessions clean-up phase starting NOW
[INFO  - 2015-10-27T10:33:16.316Z] SessionManagerReqHand - _cleanupWindowlessSessions - Asynchronous Sessions clean-up phase starting NOW
[INFO  - 2015-10-27T10:38:16.331Z] SessionManagerReqHand - _cleanupWindowlessSessions - Asynchronous Sessions clean-up phase starting NOW
e5-926a-150e8de3b1dd] - page.settings - {"XSSAuditingEnabled":false,"javascriptCanCloseWindows":true,"javascriptCanOpenWindows":true,"javascriptEnabled":true,"loadImages":true,"localToRemoteUrlAccessEnabled":false,"userAgent":"Mozilla/5.0 (Windows NT 6.1; WOW64) AppleWebKit/538.1 (KHTML, like Gecko) PhantomJS/2.0.0 Safari/538.1","webSecurityEnabled":true}
[INFO  - 2015-10-27T10:37:18.801Z] Session [b2984390-7c96-11e5-926a-150e8de3b1dd] - page.customHeaders:  - {}
[INFO  - 2015-10-27T10:37:18.801Z] Session [b2984390-7c96-11e5-926a-150e8de3b1dd] - Session.negotiatedCapabilities - {"browserName":"phantomjs","version":"2.0.0","driverName":"ghostdriver","driverVersion":"1.2.0","platform":"windows-7-32bit","javascriptEnabled":true,"takesScreenshot":true,"handlesAlerts":false,"databaseEnabled":false,"locationContextEnabled":false,"applicationCacheEnabled":false,"browserConnectionEnabled":false,"cssSelectorsEnabled":true,"webStorageEnabled":false,"rotatable":false,"acceptSslCerts":false,"nativeEvents":true,"proxy":{"proxyType":"direct"}}
[INFO  - 2015-10-27T10:37:18.801Z] SessionManagerReqHand - _postNewSessionCommand - New Session Created: b2984390-7c96-11e5-926a-150e8de3b1dd
[INFO  - 2015-10-27T10:37:38.748Z] ShutdownReqHand - _handle - About to shutdown
[INFO  - 2017-05-05T00:52:14.350Z] GhostDriver - Main - running on port 6217
[INFO  - 2017-05-05T00:52:14.991Z] Session [14c47c40-312d-11e7-a6eb-39e3271d0271] - page.settings - {"XSSAuditingEnabled":false,"javascriptCanCloseWindows":true,"javascriptCanOpenWindows":true,"javascriptEnabled":true,"loadImages":true,"localToRemoteUrlAccessEnabled":false,"userAgent":"Mozilla/5.0 (Windows NT 6.1; WOW64) AppleWebKit/538.1 (KHTML, like Gecko) PhantomJS/2.1.1 Safari/538.1","webSecurityEnabled":true}
[INFO  - 2017-05-05T00:52:14.991Z] Session [14c47c40-312d-11e7-a6eb-39e3271d0271] - page.customHeaders:  - {}
[INFO  - 2017-05-05T00:52:14.992Z] Session [14c47c40-312d-11e7-a6eb-39e3271d0271] - Session.negotiatedCapabilities - {"browserName":"phantomjs","version":"2.1.1","driverName":"ghostdriver","driverVersion":"1.2.0","platform":"windows-7-32bit","javascriptEnabled":true,"takesScreenshot":true,"handlesAlerts":false,"databaseEnabled":false,"locationContextEnabled":false,"applicationCacheEnabled":false,"browserConnectionEnabled":false,"cssSelectorsEnabled":true,"webStorageEnabled":false,"rotatable":false,"acceptSslCerts":false,"nativeEvents":true,"proxy":{"proxyType":"direct"}}
[INFO  - 2017-05-05T00:52:14.992Z] SessionManagerReqHand - _postNewSessionCommand - New Session Created: 14c47c40-312d-11e7-a6eb-39e3271d0271
[INFO  - 2017-05-05T00:52:17.213Z] ShutdownReqHand - _handle - About to shutdown
[INFO  - 2017-05-05T00:54:32.292Z] GhostDriver - Main - running on port 1135
[INFO  - 2017-05-05T00:54:32.966Z] Session [670241e0-312d-11e7-9d86-894c47205644] - page.settings - {"XSSAuditingEnabled":false,"javascriptCanCloseWindows":true,"javascriptCanOpenWindows":true,"javascriptEnabled":true,"loadImages":true,"localToRemoteUrlAccessEnabled":false,"userAgent":"Mozilla/5.0 (Windows NT 6.1; WOW64) AppleWebKit/538.1 (KHTML, like Gecko) PhantomJS/2.1.1 Safari/538.1","webSecurityEnabled":true}
[INFO  - 2017-05-05T00:54:32.966Z] Session [670241e0-312d-11e7-9d86-894c47205644] - page.customHeaders:  - {}
[INFO  - 2017-05-05T00:54:32.966Z] Session [670241e0-312d-11e7-9d86-894c47205644] - Session.negotiatedCapabilities - {"browserName":"phantomjs","version":"2.1.1","driverName":"ghostdriver","driverVersion":"1.2.0","platform":"windows-7-32bit","javascriptEnabled":true,"takesScreenshot":true,"handlesAlerts":false,"databaseEnabled":false,"locationContextEnabled":false,"applicationCacheEnabled":false,"browserConnectionEnabled":false,"cssSelectorsEnabled":true,"webStorageEnabled":false,"rotatable":false,"acceptSslCerts":false,"nativeEvents":true,"proxy":{"proxyType":"direct"}}
[INFO  - 2017-05-05T00:54:32.966Z] SessionManagerReqHand - _postNewSessionCommand - New Session Created: 670241e0-312d-11e7-9d86-894c47205644
[INFO  - 2017-05-05T00:54:49.380Z] ShutdownReqHand - _handle - About to shutdown
[INFO  - 2017-05-05T03:16:53.710Z] GhostDriver - Main - running on port 10311
[INFO  - 2017-05-05T03:16:54.194Z] Session [49fa38a0-3141-11e7-ae7b-c35ef047008a] - page.settings - {"XSSAuditingEnabled":false,"javascriptCanCloseWindows":true,"javascriptCanOpenWindows":true,"javascriptEnabled":true,"loadImages":true,"localToRemoteUrlAccessEnabled":false,"userAgent":"Mozilla/5.0 (Windows NT 6.1; WOW64) AppleWebKit/538.1 (KHTML, like Gecko) PhantomJS/2.1.1 Safari/538.1","webSecurityEnabled":true}
[INFO  - 2017-05-05T03:16:54.194Z] Session [49fa38a0-3141-11e7-ae7b-c35ef047008a] - page.customHeaders:  - {}
[INFO  - 2017-05-05T03:16:54.194Z] Session [49fa38a0-3141-11e7-ae7b-c35ef047008a] - Session.negotiatedCapabilities - {"browserName":"phantomjs","version":"2.1.1","driverName":"ghostdriver","driverVersion":"1.2.0","platform":"windows-7-32bit","javascriptEnabled":true,"takesScreenshot":true,"handlesAlerts":false,"databaseEnabled":false,"locationContextEnabled":false,"applicationCacheEnabled":false,"browserConnectionEnabled":false,"cssSelectorsEnabled":true,"webStorageEnabled":false,"rotatable":false,"acceptSslCerts":false,"nativeEvents":true,"proxy":{"proxyType":"direct"}}
[INFO  - 2017-05-05T03:16:54.194Z] SessionManagerReqHand - _postNewSessionCommand - New Session Created: 49fa38a0-3141-11e7-ae7b-c35ef047008a
[INFO  - 2017-05-05T03:17:09.604Z] ShutdownReqHand - _handle - About to shutdown
[INFO  - 2017-05-05T03:31:10.584Z] GhostDriver - Main - running on port 30195
[INFO  - 2017-05-05T03:31:11.148Z] Session [48c2df30-3143-11e7-a501-05de3f7cb068] - page.settings - {"XSSAuditingEnabled":false,"javascriptCanCloseWindows":true,"javascriptCanOpenWindows":true,"javascriptEnabled":true,"loadImages":true,"localToRemoteUrlAccessEnabled":false,"userAgent":"Mozilla/5.0 (Windows NT 6.1; WOW64) AppleWebKit/538.1 (KHTML, like Gecko) PhantomJS/2.1.1 Safari/538.1","webSecurityEnabled":true}
[INFO  - 2017-05-05T03:31:11.148Z] Session [48c2df30-3143-11e7-a501-05de3f7cb068] - page.customHeaders:  - {}
[INFO  - 2017-05-05T03:31:11.148Z] Session [48c2df30-3143-11e7-a501-05de3f7cb068] - Session.negotiatedCapabilities - {"browserName":"phantomjs","version":"2.1.1","driverName":"ghostdriver","driverVersion":"1.2.0","platform":"windows-7-32bit","javascriptEnabled":true,"takesScreenshot":true,"handlesAlerts":false,"databaseEnabled":false,"locationContextEnabled":false,"applicationCacheEnabled":false,"browserConnectionEnabled":false,"cssSelectorsEnabled":true,"webStorageEnabled":false,"rotatable":false,"acceptSslCerts":false,"nativeEvents":true,"proxy":{"proxyType":"direct"}}
[INFO  - 2017-05-05T03:31:11.148Z] SessionManagerReqHand - _postNewSessionCommand - New Session Created: 48c2df30-3143-11e7-a501-05de3f7cb068
[INFO  - 2017-05-05T03:31:39.085Z] ShutdownReqHand - _handle - About to shutdown
[INFO  - 2017-05-05T05:44:43.636Z] GhostDriver - Main - running on port 46969
[INFO  - 2017-05-05T05:44:44.104Z] Session [f0db3b10-3155-11e7-8c20-9fc633a508f4] - page.settings - {"XSSAuditingEnabled":false,"javascriptCanCloseWindows":true,"javascriptCanOpenWindows":true,"javascriptEnabled":true,"loadImages":true,"localToRemoteUrlAccessEnabled":false,"userAgent":"Mozilla/5.0 (Windows NT 6.1; WOW64) AppleWebKit/538.1 (KHTML, like Gecko) PhantomJS/2.1.1 Safari/538.1","webSecurityEnabled":true}
[INFO  - 2017-05-05T05:44:44.104Z] Session [f0db3b10-3155-11e7-8c20-9fc633a508f4] - page.customHeaders:  - {}
[INFO  - 2017-05-05T05:44:44.104Z] Session [f0db3b10-3155-11e7-8c20-9fc633a508f4] - Session.negotiatedCapabilities - {"browserName":"phantomjs","version":"2.1.1","driverName":"ghostdriver","driverVersion":"1.2.0","platform":"windows-7-32bit","javascriptEnabled":true,"takesScreenshot":true,"handlesAlerts":false,"databaseEnabled":false,"locationContextEnabled":false,"applicationCacheEnabled":false,"browserConnectionEnabled":false,"cssSelectorsEnabled":true,"webStorageEnabled":false,"rotatable":false,"acceptSslCerts":false,"nativeEvents":true,"proxy":{"proxyType":"direct"}}
[INFO  - 2017-05-05T05:44:44.104Z] SessionManagerReqHand - _postNewSessionCommand - New Session Created: f0db3b10-3155-11e7-8c20-9fc633a508f4
[INFO  - 2017-05-05T05:44:45.757Z] ShutdownReqHand - _handle - About to shutdown
[INFO  - 2017-05-05T05:56:34.134Z] GhostDriver - Main - running on port 10713
[INFO  - 2017-05-05T05:56:34.407Z] Session [983ade00-3157-11e7-a76b-fb75fb62cdbe] - page.settings - {"XSSAuditingEnabled":false,"javascriptCanCloseWindows":true,"javascriptCanOpenWindows":true,"javascriptEnabled":true,"loadImages":true,"localToRemoteUrlAccessEnabled":false,"userAgent":"Mozilla/5.0 (Windows NT 6.1; WOW64) AppleWebKit/538.1 (KHTML, like Gecko) PhantomJS/2.1.1 Safari/538.1","webSecurityEnabled":true}
[INFO  - 2017-05-05T05:56:34.407Z] Session [983ade00-3157-11e7-a76b-fb75fb62cdbe] - page.customHeaders:  - {}
[INFO  - 2017-05-05T05:56:34.407Z] Session [983ade00-3157-11e7-a76b-fb75fb62cdbe] - Session.negotiatedCapabilities - {"browserName":"phantomjs","version":"2.1.1","driverName":"ghostdriver","driverVersion":"1.2.0","platform":"windows-7-32bit","javascriptEnabled":true,"takesScreenshot":true,"handlesAlerts":false,"databaseEnabled":false,"locationContextEnabled":false,"applicationCacheEnabled":false,"browserConnectionEnabled":false,"cssSelectorsEnabled":true,"webStorageEnabled":false,"rotatable":false,"acceptSslCerts":false,"nativeEvents":true,"proxy":{"proxyType":"direct"}}
[INFO  - 2017-05-05T05:56:34.407Z] SessionManagerReqHand - _postNewSessionCommand - New Session Created: 983ade00-3157-11e7-a76b-fb75fb62cdbe
[INFO  - 2017-05-05T05:56:40.416Z] ShutdownReqHand - _handle - About to shutdown
[INFO  - 2017-05-05T05:57:36.195Z] GhostDriver - Main - running on port 30570
[INFO  - 2017-05-05T05:57:36.746Z] Session [bd630b30-3157-11e7-a5c4-156c125dd785] - page.settings - {"XSSAuditingEnabled":false,"javascriptCanCloseWindows":true,"javascriptCanOpenWindows":true,"javascriptEnabled":true,"loadImages":true,"localToRemoteUrlAccessEnabled":false,"userAgent":"Mozilla/5.0 (Windows NT 6.1; WOW64) AppleWebKit/538.1 (KHTML, like Gecko) PhantomJS/2.1.1 Safari/538.1","webSecurityEnabled":true}
[INFO  - 2017-05-05T05:57:36.747Z] Session [bd630b30-3157-11e7-a5c4-156c125dd785] - page.customHeaders:  - {}
[INFO  - 2017-05-05T05:57:36.747Z] Session [bd630b30-3157-11e7-a5c4-156c125dd785] - Session.negotiatedCapabilities - {"browserName":"phantomjs","version":"2.1.1","driverName":"ghostdriver","driverVersion":"1.2.0","platform":"windows-7-32bit","javascriptEnabled":true,"takesScreenshot":true,"handlesAlerts":false,"databaseEnabled":false,"locationContextEnabled":false,"applicationCacheEnabled":false,"browserConnectionEnabled":false,"cssSelectorsEnabled":true,"webStorageEnabled":false,"rotatable":false,"acceptSslCerts":false,"nativeEvents":true,"proxy":{"proxyType":"direct"}}
[INFO  - 2017-05-05T05:57:36.747Z] SessionManagerReqHand - _postNewSessionCommand - New Session Created: bd630b30-3157-11e7-a5c4-156c125dd785
[INFO  - 2017-05-05T06:00:05.239Z] ShutdownReqHand - _handle - About to shutdown
[INFO  - 2017-05-05T06:00:13.835Z] GhostDriver - Main - running on port 35837
[INFO  - 2017-05-05T06:00:14.372Z] Session [1b56dcd0-3158-11e7-9780-cd90ab957aed] - page.settings - {"XSSAuditingEnabled":false,"javascriptCanCloseWindows":true,"javascriptCanOpenWindows":true,"javascriptEnabled":true,"loadImages":true,"localToRemoteUrlAccessEnabled":false,"userAgent":"Mozilla/5.0 (Windows NT 6.1; WOW64) AppleWebKit/538.1 (KHTML, like Gecko) PhantomJS/2.1.1 Safari/538.1","webSecurityEnabled":true}
[INFO  - 2017-05-05T06:00:14.372Z] Session [1b56dcd0-3158-11e7-9780-cd90ab957aed] - page.customHeaders:  - {}
[INFO  - 2017-05-05T06:00:14.372Z] Session [1b56dcd0-3158-11e7-9780-cd90ab957aed] - Session.negotiatedCapabilities - {"browserName":"phantomjs","version":"2.1.1","driverName":"ghostdriver","driverVersion":"1.2.0","platform":"windows-7-32bit","javascriptEnabled":true,"takesScreenshot":true,"handlesAlerts":false,"databaseEnabled":false,"locationContextEnabled":false,"applicationCacheEnabled":false,"browserConnectionEnabled":false,"cssSelectorsEnabled":true,"webStorageEnabled":false,"rotatable":false,"acceptSslCerts":false,"nativeEvents":true,"proxy":{"proxyType":"direct"}}
[INFO  - 2017-05-05T06:00:14.373Z] SessionManagerReqHand - _postNewSessionCommand - New Session Created: 1b56dcd0-3158-11e7-9780-cd90ab957aed
[INFO  - 2017-05-05T06:03:54.248Z] GhostDriver - Main - running on port 15229
[INFO  - 2017-05-05T06:03:54.743Z] Session [9eb0f610-3158-11e7-be22-096696ad5eeb] - page.settings - {"XSSAuditingEnabled":false,"javascriptCanCloseWindows":true,"javascriptCanOpenWindows":true,"javascriptEnabled":true,"loadImages":true,"localToRemoteUrlAccessEnabled":false,"userAgent":"Mozilla/5.0 (Windows NT 6.1; WOW64) AppleWebKit/538.1 (KHTML, like Gecko) PhantomJS/2.1.1 Safari/538.1","webSecurityEnabled":true}
[INFO  - 2017-05-05T06:03:54.743Z] Session [9eb0f610-3158-11e7-be22-096696ad5eeb] - page.customHeaders:  - {}
[INFO  - 2017-05-05T06:03:54.743Z] Session [9eb0f610-3158-11e7-be22-096696ad5eeb] - Session.negotiatedCapabilities - {"browserName":"phantomjs","version":"2.1.1","driverName":"ghostdriver","driverVersion":"1.2.0","platform":"windows-7-32bit","javascriptEnabled":true,"takesScreenshot":true,"handlesAlerts":false,"databaseEnabled":false,"locationContextEnabled":false,"applicationCacheEnabled":false,"browserConnectionEnabled":false,"cssSelectorsEnabled":true,"webStorageEnabled":false,"rotatable":false,"acceptSslCerts":false,"nativeEvents":true,"proxy":{"proxyType":"direct"}}
[INFO  - 2017-05-05T06:03:54.743Z] SessionManagerReqHand - _postNewSessionCommand - New Session Created: 9eb0f610-3158-11e7-be22-096696ad5eeb
[INFO  - 2017-05-05T06:04:07.204Z] ShutdownReqHand - _handle - About to shutdown
[INFO  - 2017-05-05T08:21:25.390Z] GhostDriver - Main - running on port 44892
[INFO  - 2017-05-05T08:21:25.884Z] Session [d4c10250-316b-11e7-beb0-111791590ec9] - page.settings - {"XSSAuditingEnabled":false,"javascriptCanCloseWindows":true,"javascriptCanOpenWindows":true,"javascriptEnabled":true,"loadImages":true,"localToRemoteUrlAccessEnabled":false,"userAgent":"Mozilla/5.0 (Windows NT 6.1; WOW64) AppleWebKit/538.1 (KHTML, like Gecko) PhantomJS/2.1.1 Safari/538.1","webSecurityEnabled":true}
[INFO  - 2017-05-05T08:21:25.884Z] Session [d4c10250-316b-11e7-beb0-111791590ec9] - page.customHeaders:  - {}
[INFO  - 2017-05-05T08:21:25.884Z] Session [d4c10250-316b-11e7-beb0-111791590ec9] - Session.negotiatedCapabilities - {"browserName":"phantomjs","version":"2.1.1","driverName":"ghostdriver","driverVersion":"1.2.0","platform":"windows-7-32bit","javascriptEnabled":true,"takesScreenshot":true,"handlesAlerts":false,"databaseEnabled":false,"locationContextEnabled":false,"applicationCacheEnabled":false,"browserConnectionEnabled":false,"cssSelectorsEnabled":true,"webStorageEnabled":false,"rotatable":false,"acceptSslCerts":false,"nativeEvents":true,"proxy":{"proxyType":"direct"}}
[INFO  - 2017-05-05T08:21:25.885Z] SessionManagerReqHand - _postNewSessionCommand - New Session Created: d4c10250-316b-11e7-beb0-111791590ec9
[INFO  - 2017-05-05T08:21:29.747Z] ShutdownReqHand - _handle - About to shutdown
[INFO  - 2017-05-05T08:25:25.248Z] GhostDriver - Main - running on port 39659
[INFO  - 2017-05-05T08:25:25.707Z] Session [63b33f50-316c-11e7-a9ff-ada9a6de3cd6] - page.settings - {"XSSAuditingEnabled":false,"javascriptCanCloseWindows":true,"javascriptCanOpenWindows":true,"javascriptEnabled":true,"loadImages":true,"localToRemoteUrlAccessEnabled":false,"userAgent":"Mozilla/5.0 (Windows NT 6.1; WOW64) AppleWebKit/538.1 (KHTML, like Gecko) PhantomJS/2.1.1 Safari/538.1","webSecurityEnabled":true}
[INFO  - 2017-05-05T08:25:25.707Z] Session [63b33f50-316c-11e7-a9ff-ada9a6de3cd6] - page.customHeaders:  - {}
[INFO  - 2017-05-05T08:25:25.707Z] Session [63b33f50-316c-11e7-a9ff-ada9a6de3cd6] - Session.negotiatedCapabilities - {"browserName":"phantomjs","version":"2.1.1","driverName":"ghostdriver","driverVersion":"1.2.0","platform":"windows-7-32bit","javascriptEnabled":true,"takesScreenshot":true,"handlesAlerts":false,"databaseEnabled":false,"locationContextEnabled":false,"applicationCacheEnabled":false,"browserConnectionEnabled":false,"cssSelectorsEnabled":true,"webStorageEnabled":false,"rotatable":false,"acceptSslCerts":false,"nativeEvents":true,"proxy":{"proxyType":"direct"}}
[INFO  - 2017-05-05T08:25:25.708Z] SessionManagerReqHand - _postNewSessionCommand - New Session Created: 63b33f50-316c-11e7-a9ff-ada9a6de3cd6
[INFO  - 2017-05-05T08:25:27.335Z] ShutdownReqHand - _handle - About to shutdown
[INFO  - 2017-05-05T08:27:07.847Z] GhostDriver - Main - running on port 27743
[INFO  - 2017-05-05T08:27:08.345Z] Session [a0e06920-316c-11e7-9873-871bf0a8ee2c] - page.settings - {"XSSAuditingEnabled":false,"javascriptCanCloseWindows":true,"javascriptCanOpenWindows":true,"javascriptEnabled":true,"loadImages":true,"localToRemoteUrlAccessEnabled":false,"userAgent":"Mozilla/5.0 (Windows NT 6.1; WOW64) AppleWebKit/538.1 (KHTML, like Gecko) PhantomJS/2.1.1 Safari/538.1","webSecurityEnabled":true}
[INFO  - 2017-05-05T08:27:08.345Z] Session [a0e06920-316c-11e7-9873-871bf0a8ee2c] - page.customHeaders:  - {}
[INFO  - 2017-05-05T08:27:08.345Z] Session [a0e06920-316c-11e7-9873-871bf0a8ee2c] - Session.negotiatedCapabilities - {"browserName":"phantomjs","version":"2.1.1","driverName":"ghostdriver","driverVersion":"1.2.0","platform":"windows-7-32bit","javascriptEnabled":true,"takesScreenshot":true,"handlesAlerts":false,"databaseEnabled":false,"locationContextEnabled":false,"applicationCacheEnabled":false,"browserConnectionEnabled":false,"cssSelectorsEnabled":true,"webStorageEnabled":false,"rotatable":false,"acceptSslCerts":false,"nativeEvents":true,"proxy":{"proxyType":"direct"}}
[INFO  - 2017-05-05T08:27:08.345Z] SessionManagerReqHand - _postNewSessionCommand - New Session Created: a0e06920-316c-11e7-9873-871bf0a8ee2c
[INFO  - 2017-05-05T08:27:09.783Z] ShutdownReqHand - _handle - About to shutdown
[INFO  - 2017-05-05T08:29:09.994Z] GhostDriver - Main - running on port 27274
[INFO  - 2017-05-05T08:29:10.521Z] Session [e9b2fd20-316c-11e7-a817-d36af025390d] - page.settings - {"XSSAuditingEnabled":false,"javascriptCanCloseWindows":true,"javascriptCanOpenWindows":true,"javascriptEnabled":true,"loadImages":true,"localToRemoteUrlAccessEnabled":false,"userAgent":"Mozilla/5.0 (Windows NT 6.1; WOW64) AppleWebKit/538.1 (KHTML, like Gecko) PhantomJS/2.1.1 Safari/538.1","webSecurityEnabled":true}
[INFO  - 2017-05-05T08:29:10.521Z] Session [e9b2fd20-316c-11e7-a817-d36af025390d] - page.customHeaders:  - {}
[INFO  - 2017-05-05T08:29:10.521Z] Session [e9b2fd20-316c-11e7-a817-d36af025390d] - Session.negotiatedCapabilities - {"browserName":"phantomjs","version":"2.1.1","driverName":"ghostdriver","driverVersion":"1.2.0","platform":"windows-7-32bit","javascriptEnabled":true,"takesScreenshot":true,"handlesAlerts":false,"databaseEnabled":false,"locationContextEnabled":false,"applicationCacheEnabled":false,"browserConnectionEnabled":false,"cssSelectorsEnabled":true,"webStorageEnabled":false,"rotatable":false,"acceptSslCerts":false,"nativeEvents":true,"proxy":{"proxyType":"direct"}}
[INFO  - 2017-05-05T08:29:10.523Z] SessionManagerReqHand - _postNewSessionCommand - New Session Created: e9b2fd20-316c-11e7-a817-d36af025390d
[INFO  - 2017-05-05T08:29:16.647Z] ShutdownReqHand - _handle - About to shutdown
[INFO  - 2017-05-05T08:38:49.064Z] GhostDriver - Main - running on port 14673
[INFO  - 2017-05-05T08:38:49.305Z] Session [42ae6b20-316e-11e7-843e-cb5a2bc241cd] - page.settings - {"XSSAuditingEnabled":false,"javascriptCanCloseWindows":true,"javascriptCanOpenWindows":true,"javascriptEnabled":true,"loadImages":true,"localToRemoteUrlAccessEnabled":false,"userAgent":"Mozilla/5.0 (Windows NT 6.1; WOW64) AppleWebKit/538.1 (KHTML, like Gecko) PhantomJS/2.1.1 Safari/538.1","webSecurityEnabled":true}
[INFO  - 2017-05-05T08:38:49.305Z] Session [42ae6b20-316e-11e7-843e-cb5a2bc241cd] - page.customHeaders:  - {}
[INFO  - 2017-05-05T08:38:49.305Z] Session [42ae6b20-316e-11e7-843e-cb5a2bc241cd] - Session.negotiatedCapabilities - {"browserName":"phantomjs","version":"2.1.1","driverName":"ghostdriver","driverVersion":"1.2.0","platform":"windows-7-32bit","javascriptEnabled":true,"takesScreenshot":true,"handlesAlerts":false,"databaseEnabled":false,"locationContextEnabled":false,"applicationCacheEnabled":false,"browserConnectionEnabled":false,"cssSelectorsEnabled":true,"webStorageEnabled":false,"rotatable":false,"acceptSslCerts":false,"nativeEvents":true,"proxy":{"proxyType":"direct"}}
[INFO  - 2017-05-05T08:38:49.305Z] SessionManagerReqHand - _postNewSessionCommand - New Session Created: 42ae6b20-316e-11e7-843e-cb5a2bc241cd
[INFO  - 2017-05-05T08:38:53.256Z] ShutdownReqHand - _handle - About to shutdown
[INFO  - 2017-05-05T08:59:30.740Z] GhostDriver - Main - running on port 11296
[INFO  - 2017-05-05T08:59:31.216Z] Session [26eb26a0-3171-11e7-a9f1-09d46c8d8892] - page.settings - {"XSSAuditingEnabled":false,"javascriptCanCloseWindows":true,"javascriptCanOpenWindows":true,"javascriptEnabled":true,"loadImages":true,"localToRemoteUrlAccessEnabled":false,"userAgent":"Mozilla/5.0 (Windows NT 6.1; WOW64) AppleWebKit/538.1 (KHTML, like Gecko) PhantomJS/2.1.1 Safari/538.1","webSecurityEnabled":true}
[INFO  - 2017-05-05T08:59:31.216Z] Session [26eb26a0-3171-11e7-a9f1-09d46c8d8892] - page.customHeaders:  - {}
[INFO  - 2017-05-05T08:59:31.217Z] Session [26eb26a0-3171-11e7-a9f1-09d46c8d8892] - Session.negotiatedCapabilities - {"browserName":"phantomjs","version":"2.1.1","driverName":"ghostdriver","driverVersion":"1.2.0","platform":"windows-7-32bit","javascriptEnabled":true,"takesScreenshot":true,"handlesAlerts":false,"databaseEnabled":false,"locationContextEnabled":false,"applicationCacheEnabled":false,"browserConnectionEnabled":false,"cssSelectorsEnabled":true,"webStorageEnabled":false,"rotatable":false,"acceptSslCerts":false,"nativeEvents":true,"proxy":{"proxyType":"direct"}}
[INFO  - 2017-05-05T08:59:31.217Z] SessionManagerReqHand - _postNewSessionCommand - New Session Created: 26eb26a0-3171-11e7-a9f1-09d46c8d8892
[INFO  - 2017-05-05T08:59:43.789Z] ShutdownReqHand - _handle - About to shutdown
[INFO  - 2017-05-05T09:00:39.481Z] GhostDriver - Main - running on port 42583
[INFO  - 2017-05-05T09:00:40.014Z] Session [4fece480-3171-11e7-adfc-77790db6fcb3] - page.settings - {"XSSAuditingEnabled":false,"javascriptCanCloseWindows":true,"javascriptCanOpenWindows":true,"javascriptEnabled":true,"loadImages":true,"localToRemoteUrlAccessEnabled":false,"userAgent":"Mozilla/5.0 (Windows NT 6.1; WOW64) AppleWebKit/538.1 (KHTML, like Gecko) PhantomJS/2.1.1 Safari/538.1","webSecurityEnabled":true}
[INFO  - 2017-05-05T09:00:40.015Z] Session [4fece480-3171-11e7-adfc-77790db6fcb3] - page.customHeaders:  - {}
[INFO  - 2017-05-05T09:00:40.016Z] Session [4fece480-3171-11e7-adfc-77790db6fcb3] - Session.negotiatedCapabilities - {"browserName":"phantomjs","version":"2.1.1","driverName":"ghostdriver","driverVersion":"1.2.0","platform":"windows-7-32bit","javascriptEnabled":true,"takesScreenshot":true,"handlesAlerts":false,"databaseEnabled":false,"locationContextEnabled":false,"applicationCacheEnabled":false,"browserConnectionEnabled":false,"cssSelectorsEnabled":true,"webStorageEnabled":false,"rotatable":false,"acceptSslCerts":false,"nativeEvents":true,"proxy":{"proxyType":"direct"}}
[INFO  - 2017-05-05T09:00:40.016Z] SessionManagerReqHand - _postNewSessionCommand - New Session Created: 4fece480-3171-11e7-adfc-77790db6fcb3
[INFO  - 2017-05-05T09:00:42.182Z] ShutdownReqHand - _handle - About to shutdown
[INFO  - 2017-05-05T09:03:19.216Z] GhostDriver - Main - running on port 21615
[INFO  - 2017-05-05T09:03:19.714Z] Session [af1d2dc0-3171-11e7-ac51-8765db569824] - page.settings - {"XSSAuditingEnabled":false,"javascriptCanCloseWindows":true,"javascriptCanOpenWindows":true,"javascriptEnabled":true,"loadImages":true,"localToRemoteUrlAccessEnabled":false,"userAgent":"Mozilla/5.0 (Windows NT 6.1; WOW64) AppleWebKit/538.1 (KHTML, like Gecko) PhantomJS/2.1.1 Safari/538.1","webSecurityEnabled":true}
[INFO  - 2017-05-05T09:03:19.714Z] Session [af1d2dc0-3171-11e7-ac51-8765db569824] - page.customHeaders:  - {}
[INFO  - 2017-05-05T09:03:19.715Z] Session [af1d2dc0-3171-11e7-ac51-8765db569824] - Session.negotiatedCapabilities - {"browserName":"phantomjs","version":"2.1.1","driverName":"ghostdriver","driverVersion":"1.2.0","platform":"windows-7-32bit","javascriptEnabled":true,"takesScreenshot":true,"handlesAlerts":false,"databaseEnabled":false,"locationContextEnabled":false,"applicationCacheEnabled":false,"browserConnectionEnabled":false,"cssSelectorsEnabled":true,"webStorageEnabled":false,"rotatable":false,"acceptSslCerts":false,"nativeEvents":true,"proxy":{"proxyType":"direct"}}
[INFO  - 2017-05-05T09:03:19.715Z] SessionManagerReqHand - _postNewSessionCommand - New Session Created: af1d2dc0-3171-11e7-ac51-8765db569824
[INFO  - 2017-05-05T09:03:33.068Z] ShutdownReqHand - _handle - About to shutdown
[INFO  - 2017-05-05T09:12:20.136Z] GhostDriver - Main - running on port 1356
[INFO  - 2017-05-05T09:12:20.659Z] Session [f18aaec0-3172-11e7-b95a-c1df3bc27667] - page.settings - {"XSSAuditingEnabled":false,"javascriptCanCloseWindows":true,"javascriptCanOpenWindows":true,"javascriptEnabled":true,"loadImages":true,"localToRemoteUrlAccessEnabled":false,"userAgent":"Mozilla/5.0 (Windows NT 6.1; WOW64) AppleWebKit/538.1 (KHTML, like Gecko) PhantomJS/2.1.1 Safari/538.1","webSecurityEnabled":true}
[INFO  - 2017-05-05T09:12:20.659Z] Session [f18aaec0-3172-11e7-b95a-c1df3bc27667] - page.customHeaders:  - {}
[INFO  - 2017-05-05T09:12:20.659Z] Session [f18aaec0-3172-11e7-b95a-c1df3bc27667] - Session.negotiatedCapabilities - {"browserName":"phantomjs","version":"2.1.1","driverName":"ghostdriver","driverVersion":"1.2.0","platform":"windows-7-32bit","javascriptEnabled":true,"takesScreenshot":true,"handlesAlerts":false,"databaseEnabled":false,"locationContextEnabled":false,"applicationCacheEnabled":false,"browserConnectionEnabled":false,"cssSelectorsEnabled":true,"webStorageEnabled":false,"rotatable":false,"acceptSslCerts":false,"nativeEvents":true,"proxy":{"proxyType":"direct"}}
[INFO  - 2017-05-05T09:12:20.659Z] SessionManagerReqHand - _postNewSessionCommand - New Session Created: f18aaec0-3172-11e7-b95a-c1df3bc27667
[INFO  - 2017-05-05T09:12:21.656Z] ShutdownReqHand - _handle - About to shutdown
[INFO  - 2017-05-05T09:44:32.511Z] GhostDriver - Main - running on port 36543
[INFO  - 2017-05-05T09:44:33.074Z] Session [7159f6c0-3177-11e7-81f3-7bab74f293e1] - page.settings - {"XSSAuditingEnabled":false,"javascriptCanCloseWindows":true,"javascriptCanOpenWindows":true,"javascriptEnabled":true,"loadImages":true,"localToRemoteUrlAccessEnabled":false,"userAgent":"Mozilla/5.0 (Windows NT 6.1; WOW64) AppleWebKit/538.1 (KHTML, like Gecko) PhantomJS/2.1.1 Safari/538.1","webSecurityEnabled":true}
[INFO  - 2017-05-05T09:44:33.074Z] Session [7159f6c0-3177-11e7-81f3-7bab74f293e1] - page.customHeaders:  - {}
[INFO  - 2017-05-05T09:44:33.074Z] Session [7159f6c0-3177-11e7-81f3-7bab74f293e1] - Session.negotiatedCapabilities - {"browserName":"phantomjs","version":"2.1.1","driverName":"ghostdriver","driverVersion":"1.2.0","platform":"windows-7-32bit","javascriptEnabled":true,"takesScreenshot":true,"handlesAlerts":false,"databaseEnabled":false,"locationContextEnabled":false,"applicationCacheEnabled":false,"browserConnectionEnabled":false,"cssSelectorsEnabled":true,"webStorageEnabled":false,"rotatable":false,"acceptSslCerts":false,"nativeEvents":true,"proxy":{"proxyType":"direct"}}
[INFO  - 2017-05-05T09:44:33.074Z] SessionManagerReqHand - _postNewSessionCommand - New Session Created: 7159f6c0-3177-11e7-81f3-7bab74f293e1
[INFO  - 2017-05-05T09:44:45.822Z] ShutdownReqHand - _handle - About to shutdown
[INFO  - 2017-05-05T09:47:15.029Z] GhostDriver - Main - running on port 19249
[INFO  - 2017-05-05T09:47:15.615Z] Session [d23be7a0-3177-11e7-84f9-390908036d40] - page.settings - {"XSSAuditingEnabled":false,"javascriptCanCloseWindows":true,"javascriptCanOpenWindows":true,"javascriptEnabled":true,"loadImages":true,"localToRemoteUrlAccessEnabled":false,"userAgent":"Mozilla/5.0 (Windows NT 6.1; WOW64) AppleWebKit/538.1 (KHTML, like Gecko) PhantomJS/2.1.1 Safari/538.1","webSecurityEnabled":true}
[INFO  - 2017-05-05T09:47:15.616Z] Session [d23be7a0-3177-11e7-84f9-390908036d40] - page.customHeaders:  - {}
[INFO  - 2017-05-05T09:47:15.617Z] Session [d23be7a0-3177-11e7-84f9-390908036d40] - Session.negotiatedCapabilities - {"browserName":"phantomjs","version":"2.1.1","driverName":"ghostdriver","driverVersion":"1.2.0","platform":"windows-7-32bit","javascriptEnabled":true,"takesScreenshot":true,"handlesAlerts":false,"databaseEnabled":false,"locationContextEnabled":false,"applicationCacheEnabled":false,"browserConnectionEnabled":false,"cssSelectorsEnabled":true,"webStorageEnabled":false,"rotatable":false,"acceptSslCerts":false,"nativeEvents":true,"proxy":{"proxyType":"direct"}}
[INFO  - 2017-05-05T09:47:15.617Z] SessionManagerReqHand - _postNewSessionCommand - New Session Created: d23be7a0-3177-11e7-84f9-390908036d40
[INFO  - 2017-05-05T09:47:27.661Z] ShutdownReqHand - _handle - About to shutdown
[INFO  - 2017-05-06T02:58:20.650Z] GhostDriver - Main - running on port 35214
[INFO  - 2017-05-06T02:58:21.517Z] Session [dd2f1660-3207-11e7-ac56-f725767494a1] - page.settings - {"XSSAuditingEnabled":false,"javascriptCanCloseWindows":true,"javascriptCanOpenWindows":true,"javascriptEnabled":true,"loadImages":true,"localToRemoteUrlAccessEnabled":false,"userAgent":"Mozilla/5.0 (Windows NT 6.1; WOW64) AppleWebKit/538.1 (KHTML, like Gecko) PhantomJS/2.1.1 Safari/538.1","webSecurityEnabled":true}
[INFO  - 2017-05-06T02:58:21.518Z] Session [dd2f1660-3207-11e7-ac56-f725767494a1] - page.customHeaders:  - {}
[INFO  - 2017-05-06T02:58:21.518Z] Session [dd2f1660-3207-11e7-ac56-f725767494a1] - Session.negotiatedCapabilities - {"browserName":"phantomjs","version":"2.1.1","driverName":"ghostdriver","driverVersion":"1.2.0","platform":"windows-7-32bit","javascriptEnabled":true,"takesScreenshot":true,"handlesAlerts":false,"databaseEnabled":false,"locationContextEnabled":false,"applicationCacheEnabled":false,"browserConnectionEnabled":false,"cssSelectorsEnabled":true,"webStorageEnabled":false,"rotatable":false,"acceptSslCerts":false,"nativeEvents":true,"proxy":{"proxyType":"direct"}}
[INFO  - 2017-05-06T02:58:21.518Z] SessionManagerReqHand - _postNewSessionCommand - New Session Created: dd2f1660-3207-11e7-ac56-f725767494a1
[INFO  - 2017-05-06T02:58:24.448Z] ShutdownReqHand - _handle - About to shutdown
[INFO  - 2017-05-08T00:11:40.653Z] GhostDriver - Main - running on port 4248
[INFO  - 2017-05-08T00:11:41.004Z] Session [e93d8e60-3382-11e7-aa62-ab04fd5206e6] - page.settings - {"XSSAuditingEnabled":false,"javascriptCanCloseWindows":true,"javascriptCanOpenWindows":true,"javascriptEnabled":true,"loadImages":true,"localToRemoteUrlAccessEnabled":false,"userAgent":"Mozilla/5.0 (Windows NT 6.1; WOW64) AppleWebKit/538.1 (KHTML, like Gecko) PhantomJS/2.1.1 Safari/538.1","webSecurityEnabled":true}
[INFO  - 2017-05-08T00:11:41.004Z] Session [e93d8e60-3382-11e7-aa62-ab04fd5206e6] - page.customHeaders:  - {}
[INFO  - 2017-05-08T00:11:41.004Z] Session [e93d8e60-3382-11e7-aa62-ab04fd5206e6] - Session.negotiatedCapabilities - {"browserName":"phantomjs","version":"2.1.1","driverName":"ghostdriver","driverVersion":"1.2.0","platform":"windows-7-32bit","javascriptEnabled":true,"takesScreenshot":true,"handlesAlerts":false,"databaseEnabled":false,"locationContextEnabled":false,"applicationCacheEnabled":false,"browserConnectionEnabled":false,"cssSelectorsEnabled":true,"webStorageEnabled":false,"rotatable":false,"acceptSslCerts":false,"nativeEvents":true,"proxy":{"proxyType":"direct"}}
[INFO  - 2017-05-08T00:11:41.004Z] SessionManagerReqHand - _postNewSessionCommand - New Session Created: e93d8e60-3382-11e7-aa62-ab04fd5206e6
[INFO  - 2017-05-08T00:11:44.689Z] ShutdownReqHand - _handle - About to shutdown
[INFO  - 2017-05-08T00:20:20.463Z] GhostDriver - Main - running on port 29629
[INFO  - 2017-05-08T00:20:21.189Z] Session [1f4ae0b0-3384-11e7-aa57-2fd1e26f8f62] - page.settings - {"XSSAuditingEnabled":false,"javascriptCanCloseWindows":true,"javascriptCanOpenWindows":true,"javascriptEnabled":true,"loadImages":true,"localToRemoteUrlAccessEnabled":false,"userAgent":"Mozilla/5.0 (Windows NT 6.1; WOW64) AppleWebKit/538.1 (KHTML, like Gecko) PhantomJS/2.1.1 Safari/538.1","webSecurityEnabled":true}
[INFO  - 2017-05-08T00:20:21.189Z] Session [1f4ae0b0-3384-11e7-aa57-2fd1e26f8f62] - page.customHeaders:  - {}
[INFO  - 2017-05-08T00:20:21.189Z] Session [1f4ae0b0-3384-11e7-aa57-2fd1e26f8f62] - Session.negotiatedCapabilities - {"browserName":"phantomjs","version":"2.1.1","driverName":"ghostdriver","driverVersion":"1.2.0","platform":"windows-7-32bit","javascriptEnabled":true,"takesScreenshot":true,"handlesAlerts":false,"databaseEnabled":false,"locationContextEnabled":false,"applicationCacheEnabled":false,"browserConnectionEnabled":false,"cssSelectorsEnabled":true,"webStorageEnabled":false,"rotatable":false,"acceptSslCerts":false,"nativeEvents":true,"proxy":{"proxyType":"direct"}}
[INFO  - 2017-05-08T00:20:21.190Z] SessionManagerReqHand - _postNewSessionCommand - New Session Created: 1f4ae0b0-3384-11e7-aa57-2fd1e26f8f62
[INFO  - 2017-05-08T00:20:24.770Z] ShutdownReqHand - _handle - About to shutdown
[INFO  - 2017-05-08T00:26:06.189Z] GhostDriver - Main - running on port 36373
[INFO  - 2017-05-08T00:26:06.872Z] Session [ed568720-3384-11e7-b5af-eb2af16a6aaa] - page.settings - {"XSSAuditingEnabled":false,"javascriptCanCloseWindows":true,"javascriptCanOpenWindows":true,"javascriptEnabled":true,"loadImages":true,"localToRemoteUrlAccessEnabled":false,"userAgent":"Mozilla/5.0 (Windows NT 6.1; WOW64) AppleWebKit/538.1 (KHTML, like Gecko) PhantomJS/2.1.1 Safari/538.1","webSecurityEnabled":true}
[INFO  - 2017-05-08T00:26:06.872Z] Session [ed568720-3384-11e7-b5af-eb2af16a6aaa] - page.customHeaders:  - {}
[INFO  - 2017-05-08T00:26:06.872Z] Session [ed568720-3384-11e7-b5af-eb2af16a6aaa] - Session.negotiatedCapabilities - {"browserName":"phantomjs","version":"2.1.1","driverName":"ghostdriver","driverVersion":"1.2.0","platform":"windows-7-32bit","javascriptEnabled":true,"takesScreenshot":true,"handlesAlerts":false,"databaseEnabled":false,"locationContextEnabled":false,"applicationCacheEnabled":false,"browserConnectionEnabled":false,"cssSelectorsEnabled":true,"webStorageEnabled":false,"rotatable":false,"acceptSslCerts":false,"nativeEvents":true,"proxy":{"proxyType":"direct"}}
[INFO  - 2017-05-08T00:26:06.872Z] SessionManagerReqHand - _postNewSessionCommand - New Session Created: ed568720-3384-11e7-b5af-eb2af16a6aaa
[INFO  - 2017-05-08T00:26:20.913Z] GhostDriver - Main - running on port 17174
[INFO  - 2017-05-08T00:26:21.602Z] Session [f61d8980-3384-11e7-b65f-0fe00c52384d] - page.settings - {"XSSAuditingEnabled":false,"javascriptCanCloseWindows":true,"javascriptCanOpenWindows":true,"javascriptEnabled":true,"loadImages":true,"localToRemoteUrlAccessEnabled":false,"userAgent":"Mozilla/5.0 (Windows NT 6.1; WOW64) AppleWebKit/538.1 (KHTML, like Gecko) PhantomJS/2.1.1 Safari/538.1","webSecurityEnabled":true}
[INFO  - 2017-05-08T00:26:21.602Z] Session [f61d8980-3384-11e7-b65f-0fe00c52384d] - page.customHeaders:  - {}
[INFO  - 2017-05-08T00:26:21.602Z] Session [f61d8980-3384-11e7-b65f-0fe00c52384d] - Session.negotiatedCapabilities - {"browserName":"phantomjs","version":"2.1.1","driverName":"ghostdriver","driverVersion":"1.2.0","platform":"windows-7-32bit","javascriptEnabled":true,"takesScreenshot":true,"handlesAlerts":false,"databaseEnabled":false,"locationContextEnabled":false,"applicationCacheEnabled":false,"browserConnectionEnabled":false,"cssSelectorsEnabled":true,"webStorageEnabled":false,"rotatable":false,"acceptSslCerts":false,"nativeEvents":true,"proxy":{"proxyType":"direct"}}
[INFO  - 2017-05-08T00:26:21.603Z] SessionManagerReqHand - _postNewSessionCommand - New Session Created: f61d8980-3384-11e7-b65f-0fe00c52384d
[INFO  - 2017-05-08T00:26:25.023Z] ShutdownReqHand - _handle - About to shutdown
